{
  "stats": {
    "suites": 18,
    "tests": 43,
    "passes": 43,
    "pending": 0,
    "failures": 0,
    "start": "2022-05-12T19:54:24.021Z",
    "end": "2022-05-12T19:56:56.252Z",
    "duration": 123512,
    "testsRegistered": 43,
    "passPercent": 100,
    "pendingPercent": 0,
    "other": 0,
    "hasOther": false,
    "skipped": 0,
    "hasSkipped": false
  },
  "results": [
    {
      "uuid": "f4c4a43d-ef09-4bdc-833b-dba3b82f777f",
      "title": "",
      "fullFile": "cypress/integration/automation-test-store/alias-invoke.spec.js",
      "file": "cypress/integration/automation-test-store/alias-invoke.spec.js",
      "beforeHooks": [],
      "afterHooks": [],
      "tests": [],
      "suites": [
        {
          "uuid": "a07c88e7-dc3b-4ad9-a914-2a95e5afb9c4",
          "title": "Alias and invoke",
          "fullFile": "",
          "file": "",
          "beforeHooks": [],
          "afterHooks": [],
          "tests": [
            {
              "title": "Calculate total of normal and sale products2",
              "fullTitle": "Alias and invoke Calculate total of normal and sale products2",
              "timedOut": null,
              "duration": 6378,
              "state": "passed",
              "speed": "medium",
              "pass": true,
              "fail": false,
              "pending": false,
              "context": null,
              "code": "//option accessing the array of texts via promise/then\ncy.visit(\"https://automationteststore.com/\");\nvar itemsTotalPrice = 0;\ncy.get('.thumbnail .oneprice').invoke('text').then($linkText => {\n  var normalItemsPriceTotal = 0;\n  var normalItemsPrices = $linkText.split('$'); //option 1\n  // var i;\n  // for(i = 0; i < normalItemsPrices.length; i++) {\n  //     // cy.log(normalItemsPrices[i])\n  //     normalItemsPriceTotal += Number(normalItemsPrices[i])\n  // }\n  //option 2\n  var normalItemsPricesNumber = Cypress._.map(normalItemsPrices, Number);\n  normalItemsPriceTotal = Cypress._.sum(normalItemsPricesNumber);\n  itemsTotalPrice += normalItemsPriceTotal;\n  cy.log(\"Non sale price items total: \" + normalItemsPriceTotal); //option 3\n  // cy.wrap(normalItemsPrices).each(($el, index, $list) => {\n  //   normalItemsPriceTotal += Number($el)\n  // }).then(() => {\n  //   itemsTotalPrice += normalItemsPriceTotal;\n  //   cy.log(\"Non sale price items total: \" + normalItemsPriceTotal)\n  // })\n});\ncy.get('.thumbnail .pricenew').invoke('text').then($linkText => {\n  var saleItemsPriceTotal = 0;\n  var saleItemsPrices = $linkText.split('$');\n  var i;\n  for (i = 0; i < saleItemsPrices.length; i++) {\n    // cy.log(saleItemsPrices[i])\n    saleItemsPriceTotal += Number(saleItemsPrices[i]);\n  }\n  itemsTotalPrice += saleItemsPriceTotal;\n  cy.log(\"Sale price items total: \" + saleItemsPriceTotal);\n}).then(() => {\n  cy.log(\"The total price of all products: \" + itemsTotalPrice);\n  expect(itemsTotalPrice).to.equal(648.5);\n});",
              "err": {},
              "uuid": "168fdb69-5343-43c6-8c43-6eec04d9c55f",
              "parentUUID": "a07c88e7-dc3b-4ad9-a914-2a95e5afb9c4",
              "isHook": false,
              "skipped": false
            }
          ],
          "suites": [],
          "passes": [
            "168fdb69-5343-43c6-8c43-6eec04d9c55f"
          ],
          "failures": [],
          "pending": [],
          "skipped": [],
          "duration": 6378,
          "root": false,
          "rootEmpty": false,
          "_timeout": 2000
        }
      ],
      "passes": [],
      "failures": [],
      "pending": [],
      "skipped": [],
      "duration": 0,
      "root": true,
      "rootEmpty": true,
      "_timeout": 2000
    },
    {
      "uuid": "ed250f63-f033-44d7-aed1-b7e72a508936",
      "title": "",
      "fullFile": "cypress/integration/automation-test-store/browser-navigation.spec.js",
      "file": "cypress/integration/automation-test-store/browser-navigation.spec.js",
      "beforeHooks": [],
      "afterHooks": [],
      "tests": [],
      "suites": [
        {
          "uuid": "793489c4-8208-4935-97f7-c9054beaa8df",
          "title": "Validate webdriveruni homepage links",
          "fullFile": "",
          "file": "",
          "beforeHooks": [],
          "afterHooks": [],
          "tests": [
            {
              "title": "Confirm links redirect to the correct pages",
              "fullTitle": "Validate webdriveruni homepage links Confirm links redirect to the correct pages",
              "timedOut": null,
              "duration": 5995,
              "state": "passed",
              "speed": "medium",
              "pass": true,
              "fail": false,
              "pending": false,
              "context": null,
              "code": "//cy.visit(\"http://www.webdriveruniversity.com/Contact-Us/contactus.html\");\ncy.visit(\"http://www.webdriveruniversity.com\");\ncy.get('#contact-us').invoke('removeAttr', 'target').click({\n  force: true\n});\ncy.url().should('include', 'contactus');\ncy.go('back');\ncy.reload();\ncy.url().should('include', 'http://www.webdriveruniversity.com/'); //cy.reload(true) //reload without using cache\ncy.go('forward');\ncy.url().should('include', 'contactus');\ncy.go('back');\ncy.get('#login-portal').invoke('removeAttr', 'target').click({\n  force: true\n});\ncy.url().should('include', 'Login-Portal');\ncy.go('back');",
              "err": {},
              "uuid": "52203975-c7c0-4ac2-834d-d9def199ab34",
              "parentUUID": "793489c4-8208-4935-97f7-c9054beaa8df",
              "isHook": false,
              "skipped": false
            }
          ],
          "suites": [],
          "passes": [
            "52203975-c7c0-4ac2-834d-d9def199ab34"
          ],
          "failures": [],
          "pending": [],
          "skipped": [],
          "duration": 5995,
          "root": false,
          "rootEmpty": false,
          "_timeout": 2000
        }
      ],
      "passes": [],
      "failures": [],
      "pending": [],
      "skipped": [],
      "duration": 0,
      "root": true,
      "rootEmpty": true,
      "_timeout": 2000
    },
    {
      "uuid": "ed0b4144-9502-450f-b566-e02b956184b7",
      "title": "",
      "fullFile": "cypress/integration/automation-test-store/contact-us.spec.js",
      "file": "cypress/integration/automation-test-store/contact-us.spec.js",
      "beforeHooks": [],
      "afterHooks": [],
      "tests": [],
      "suites": [
        {
          "uuid": "1fe6cdf4-c5bc-4406-bfe7-9f6763f261ed",
          "title": "Test Contact Us form via Automation Test Store",
          "fullFile": "",
          "file": "",
          "beforeHooks": [],
          "afterHooks": [],
          "tests": [
            {
              "title": "Should be able to submit a successful submission via contact us form",
              "fullTitle": "Test Contact Us form via Automation Test Store Should be able to submit a successful submission via contact us form",
              "timedOut": null,
              "duration": 13714,
              "state": "passed",
              "speed": "slow",
              "pass": true,
              "fail": false,
              "pending": false,
              "context": null,
              "code": "cy.visit(\"https://www.automationteststore.com/\");\ncy.get(\"a[href$='contact']\").click().then(function (linkText) {\n  cy.log(\"Clicked on link using text: \" + linkText.text());\n}); //cy.xpath(\"//a[contains(@href, 'contact')]\").click();\ncy.get(\"@user\").then(user => {\n  cy.get('#ContactUsFrm_first_name').type(user.first_name);\n  cy.get('#ContactUsFrm_email').type(user.email);\n});\ncy.get('#ContactUsFrm_email').should('have.attr', 'name', 'email');\ncy.get('#ContactUsFrm_enquiry').type(\"Do you provide additional discount on bulk orders?\");\ncy.get(\"button[title='Submit']\").click();\ncy.get('.mb40 > :nth-child(3)').should('have.text', 'Your enquiry has been successfully sent to the store owner!');\ncy.log(\"Test has completed!\");",
              "err": {},
              "uuid": "0dcc160d-1011-46be-a397-2f5cd611d19e",
              "parentUUID": "1fe6cdf4-c5bc-4406-bfe7-9f6763f261ed",
              "isHook": false,
              "skipped": false
            }
          ],
          "suites": [],
          "passes": [
            "0dcc160d-1011-46be-a397-2f5cd611d19e"
          ],
          "failures": [],
          "pending": [],
          "skipped": [],
          "duration": 13714,
          "root": false,
          "rootEmpty": false,
          "_timeout": 2000
        }
      ],
      "passes": [],
      "failures": [],
      "pending": [],
      "skipped": [],
      "duration": 0,
      "root": true,
      "rootEmpty": true,
      "_timeout": 2000
    },
    {
      "uuid": "3ec60d10-3fb9-459c-81fc-e5d14db37636",
      "title": "",
      "fullFile": "cypress/integration/automation-test-store/inspect-item.spec.js",
      "file": "cypress/integration/automation-test-store/inspect-item.spec.js",
      "beforeHooks": [],
      "afterHooks": [],
      "tests": [],
      "suites": [
        {
          "uuid": "a0b3a26d-5289-47c8-ad59-581cea7808ae",
          "title": "Inspect Automation Test Store items using chain of commands",
          "fullFile": "",
          "file": "",
          "beforeHooks": [],
          "afterHooks": [],
          "tests": [
            {
              "title": "Click on the first item using item text",
              "fullTitle": "Inspect Automation Test Store items using chain of commands Click on the first item using item text",
              "timedOut": null,
              "duration": 8941,
              "state": "passed",
              "speed": "medium",
              "pass": true,
              "fail": false,
              "pending": false,
              "context": null,
              "code": "cy.visit(\"https://automationteststore.com/\");\ncy.get('.prdocutname').contains('Skinsheen Bronzer Stick').click().then(function (itemHeaderText) {\n  console.log(\"Selected the following item: \" + itemHeaderText.text()); //text() is from jquery\n  // console.log(\"Selected the following item: \" + itemHeaderText.innerText) //returns 'undefined'\n  // console.log(\"Selected the following item: \" + itemHeaderText.invoke('text')) //do not work. invoke('text') is not a function\n  // console.log(\"Selected the following item: \" + cy.wrap(itemHeaderText).invoke('text')) \n  //now the invoke() get correctly the object, but the console.log prints the object\n  cy.wrap(itemHeaderText).invoke('text').should('eq', 'Skinsheen Bronzer Stick'); //works good\n  // itemHeaderText.text().should('eq', 'Skinsheen Bronzer Stick') //do not work. \"is not a function\"\n  // cy.wrap(itemHeaderText).text().should('eq', 'Skinsheen Bronzer Stick') //do not work. \"is not a function\"\n  // cy.wrap(itemHeaderText).innerText().should('eq', 'Skinsheen Bronzer Stick') //do not work. \"is not a function\"\n  // itemHeaderText.innerText().should('eq', 'Skinsheen Bronzer Stick') //do not work. \"is not a function\"\n});",
              "err": {},
              "uuid": "210c7e79-dee8-41dc-b6a1-4a4ee6705219",
              "parentUUID": "a0b3a26d-5289-47c8-ad59-581cea7808ae",
              "isHook": false,
              "skipped": false
            }
          ],
          "suites": [],
          "passes": [
            "210c7e79-dee8-41dc-b6a1-4a4ee6705219"
          ],
          "failures": [],
          "pending": [],
          "skipped": [],
          "duration": 8941,
          "root": false,
          "rootEmpty": false,
          "_timeout": 2000
        }
      ],
      "passes": [],
      "failures": [],
      "pending": [],
      "skipped": [],
      "duration": 0,
      "root": true,
      "rootEmpty": true,
      "_timeout": 2000
    },
    {
      "uuid": "82d993f9-eb47-4147-909b-dae68bc3dbf9",
      "title": "",
      "fullFile": "cypress/integration/automation-test-store/iterate-over-elements.spec.js",
      "file": "cypress/integration/automation-test-store/iterate-over-elements.spec.js",
      "beforeHooks": [],
      "afterHooks": [],
      "tests": [],
      "suites": [
        {
          "uuid": "9bde4d03-41ab-4018-88ca-045302b894bf",
          "title": "Iterate over elements",
          "fullFile": "",
          "file": "",
          "beforeHooks": [],
          "afterHooks": [],
          "tests": [
            {
              "title": "Log information of all hair care products",
              "fullTitle": "Iterate over elements Log information of all hair care products",
              "timedOut": null,
              "duration": 7240,
              "state": "passed",
              "speed": "medium",
              "pass": true,
              "fail": false,
              "pending": false,
              "context": null,
              "code": "cy.get(\".fixed_wrapper .prdocutname\").each(($el, index, $list) => {\n  cy.log(\"Index: \" + index + \" : \" + $el.text());\n});",
              "err": {},
              "uuid": "7f73c57b-28ed-42b8-99fd-af76cacce9b8",
              "parentUUID": "9bde4d03-41ab-4018-88ca-045302b894bf",
              "isHook": false,
              "skipped": false
            },
            {
              "title": "Add specific product to basket",
              "fullTitle": "Iterate over elements Add specific product to basket",
              "timedOut": null,
              "duration": 3015,
              "state": "passed",
              "speed": "fast",
              "pass": true,
              "fail": false,
              "pending": false,
              "context": null,
              "code": "cy.selectProduct('Curls to straight Shampoo'); //using custom command",
              "err": {},
              "uuid": "2eb6d009-1f66-411c-a44e-420b6c6a281c",
              "parentUUID": "9bde4d03-41ab-4018-88ca-045302b894bf",
              "isHook": false,
              "skipped": false
            },
            {
              "title": "Add another specific product to basket",
              "fullTitle": "Iterate over elements Add another specific product to basket",
              "timedOut": null,
              "duration": 5157,
              "state": "passed",
              "speed": "medium",
              "pass": true,
              "fail": false,
              "pending": false,
              "context": null,
              "code": "cy.selectProduct('Seaweed Conditioner');",
              "err": {},
              "uuid": "0e0fbe6c-8064-48c9-9b85-e2849ea32e4d",
              "parentUUID": "9bde4d03-41ab-4018-88ca-045302b894bf",
              "isHook": false,
              "skipped": false
            }
          ],
          "suites": [],
          "passes": [
            "7f73c57b-28ed-42b8-99fd-af76cacce9b8",
            "2eb6d009-1f66-411c-a44e-420b6c6a281c",
            "0e0fbe6c-8064-48c9-9b85-e2849ea32e4d"
          ],
          "failures": [],
          "pending": [],
          "skipped": [],
          "duration": 15412,
          "root": false,
          "rootEmpty": false,
          "_timeout": 2000
        }
      ],
      "passes": [],
      "failures": [],
      "pending": [],
      "skipped": [],
      "duration": 0,
      "root": true,
      "rootEmpty": true,
      "_timeout": 2000
    },
    {
      "uuid": "a57ce671-98aa-4f3c-b91d-5fedbedddaad",
      "title": "",
      "fullFile": "cypress/integration/automation-test-store/variables-and-cy-commands.spec.js",
      "file": "cypress/integration/automation-test-store/variables-and-cy-commands.spec.js",
      "beforeHooks": [],
      "afterHooks": [],
      "tests": [],
      "suites": [
        {
          "uuid": "5909f76b-e994-4d6b-b05d-db6a6f12ed3a",
          "title": "Verifying variables, cypress commands and jquery commands",
          "fullFile": "",
          "file": "",
          "beforeHooks": [],
          "afterHooks": [],
          "tests": [
            {
              "title": "Validate properties of the Contact Us Page",
              "fullTitle": "Verifying variables, cypress commands and jquery commands Validate properties of the Contact Us Page",
              "timedOut": null,
              "duration": 4540,
              "state": "passed",
              "speed": "fast",
              "pass": true,
              "fail": false,
              "pending": false,
              "context": null,
              "code": "cy.visit(\"https://automationteststore.com/index.php?rt=content/contact\"); //Uses cypress commands and chaining\ncy.contains('#ContactUsFrm', 'Contact Us Form').find('#field_11').should('contain', 'First name'); //JQuery Approach\ncy.contains('#ContactUsFrm', 'Contact Us Form').then(text => {\n  const firstNameText = text.find('#field_11').text();\n  expect(firstNameText).to.contain('First name'); //Embedded commands (Closure)\n  cy.get('#field_11').then(fnText => {\n    cy.log(fnText.text()); // cy.log(fnText)\n    expect(fnText).to.contain('First name');\n  });\n});",
              "err": {},
              "uuid": "2d893d2e-f3a3-43d3-8fe4-a6da5f3af17c",
              "parentUUID": "5909f76b-e994-4d6b-b05d-db6a6f12ed3a",
              "isHook": false,
              "skipped": false
            }
          ],
          "suites": [],
          "passes": [
            "2d893d2e-f3a3-43d3-8fe4-a6da5f3af17c"
          ],
          "failures": [],
          "pending": [],
          "skipped": [],
          "duration": 4540,
          "root": false,
          "rootEmpty": false,
          "_timeout": 2000
        }
      ],
      "passes": [],
      "failures": [],
      "pending": [],
      "skipped": [],
      "duration": 0,
      "root": true,
      "rootEmpty": true,
      "_timeout": 2000
    },
    {
      "uuid": "dc87c59d-fed4-446f-8756-ffec7cb553ec",
      "title": "",
      "fullFile": "cypress/integration/webdriver-uni/autocomplete-dropdown-list.spec.js",
      "file": "cypress/integration/webdriver-uni/autocomplete-dropdown-list.spec.js",
      "beforeHooks": [],
      "afterHooks": [],
      "tests": [],
      "suites": [
        {
          "uuid": "7c7b3b5d-2b85-453d-a97b-ecd6340c3cc6",
          "title": "Verify Autocomplete dropwdown lists via webdriveruni",
          "fullFile": "",
          "file": "",
          "beforeHooks": [],
          "afterHooks": [],
          "tests": [
            {
              "title": "Select specific product via autocomplete list",
              "fullTitle": "Verify Autocomplete dropwdown lists via webdriveruni Select specific product via autocomplete list",
              "timedOut": null,
              "duration": 4845,
              "state": "passed",
              "speed": "fast",
              "pass": true,
              "fail": false,
              "pending": false,
              "context": null,
              "code": "cy.visit(\"http://www.webdriveruniversity.com\");\ncy.get('#autocomplete-textfield').invoke('removeAttr', 'target').click({\n  force: true\n});\ncy.get('#myInput').type('A');\ncy.get('#myInputautocomplete-list > *').each(($el, index, $list) => {\n  const prod = $el.text();\n  const productToSelect = 'Avacado';\n  if (prod === productToSelect) {\n    // $el.click(); //it appeared strikethrough because it was deprecated on jQuery\n    // $el.trigger('click') // option 1\n    cy.wrap($el).click(); // option 2\n    cy.get('#submit-button').click();\n    cy.url().should('include', productToSelect);\n  }\n});\ncy.get('#myInput').type('g');\ncy.get('#myInputautocomplete-list > *').each(($el, index, $list) => {\n  const prod = $el.text();\n  const productToSelect = 'Grapes';\n  if (prod === productToSelect) {\n    cy.wrap($el).click();\n    cy.get('#submit-button').click();\n    cy.url().should('include', productToSelect);\n  }\n});",
              "err": {},
              "uuid": "1f2dbe0f-b25d-4b41-b5aa-756c9a44e54a",
              "parentUUID": "7c7b3b5d-2b85-453d-a97b-ecd6340c3cc6",
              "isHook": false,
              "skipped": false
            }
          ],
          "suites": [],
          "passes": [
            "1f2dbe0f-b25d-4b41-b5aa-756c9a44e54a"
          ],
          "failures": [],
          "pending": [],
          "skipped": [],
          "duration": 4845,
          "root": false,
          "rootEmpty": false,
          "_timeout": 2000
        }
      ],
      "passes": [],
      "failures": [],
      "pending": [],
      "skipped": [],
      "duration": 0,
      "root": true,
      "rootEmpty": true,
      "_timeout": 2000
    },
    {
      "uuid": "0bece7aa-44dc-4a32-8cfa-24efa7855ea8",
      "title": "",
      "fullFile": "cypress/integration/webdriver-uni/checkboxes.spec.js",
      "file": "cypress/integration/webdriver-uni/checkboxes.spec.js",
      "beforeHooks": [],
      "afterHooks": [],
      "tests": [],
      "suites": [
        {
          "uuid": "48c37dea-663c-4c8d-a3ca-c2fdaacd88c5",
          "title": "Verify checkboxes via webdriveruni",
          "fullFile": "",
          "file": "",
          "beforeHooks": [],
          "afterHooks": [],
          "tests": [
            {
              "title": "Check and validate checkbox",
              "fullTitle": "Verify checkboxes via webdriveruni Check and validate checkbox",
              "timedOut": null,
              "duration": 2514,
              "state": "passed",
              "speed": "fast",
              "pass": true,
              "fail": false,
              "pending": false,
              "context": null,
              "code": "//cy.get('#checkboxes > :nth-child(1) > input').check().should('be.checked')\ncy.get(\"#checkboxes input[type='checkbox']\").first().check().should('be.checked');\ncy.get(\"#checkboxes input[type='checkbox']\").eq(1).check().should('be.checked');",
              "err": {},
              "uuid": "5acd97dd-705a-4fc0-ad64-0ad04d5e42b3",
              "parentUUID": "48c37dea-663c-4c8d-a3ca-c2fdaacd88c5",
              "isHook": false,
              "skipped": false
            },
            {
              "title": "Uncheck and validate checkbox",
              "fullTitle": "Verify checkboxes via webdriveruni Uncheck and validate checkbox",
              "timedOut": null,
              "duration": 395,
              "state": "passed",
              "speed": "fast",
              "pass": true,
              "fail": false,
              "pending": false,
              "context": null,
              "code": "// cy.get(':nth-child(5) > input').uncheck().should('not.be.checked')\ncy.get(\"#checkboxes input[type='checkbox']\").eq(2).uncheck().should('not.be.checked');",
              "err": {},
              "uuid": "ff90b7aa-421a-4dfe-ba28-b1c14b18c7f3",
              "parentUUID": "48c37dea-663c-4c8d-a3ca-c2fdaacd88c5",
              "isHook": false,
              "skipped": false
            },
            {
              "title": "Check multiple checkboxes",
              "fullTitle": "Verify checkboxes via webdriveruni Check multiple checkboxes",
              "timedOut": null,
              "duration": 562,
              "state": "passed",
              "speed": "fast",
              "pass": true,
              "fail": false,
              "pending": false,
              "context": null,
              "code": "//cy.get(\"input[type='checkbox']\").check([\"option-1\", \"option-2\", \"option-3\", \"option-4\"]).should('be.checked') //this way I check the elements I specify\ncy.get(\"input[type='checkbox']\").check().should('be.checked'); //this way I check all the elements returned in the get()",
              "err": {},
              "uuid": "bfd33450-420c-4a4e-9273-ceeb165226f6",
              "parentUUID": "48c37dea-663c-4c8d-a3ca-c2fdaacd88c5",
              "isHook": false,
              "skipped": false
            }
          ],
          "suites": [],
          "passes": [
            "5acd97dd-705a-4fc0-ad64-0ad04d5e42b3",
            "ff90b7aa-421a-4dfe-ba28-b1c14b18c7f3",
            "bfd33450-420c-4a4e-9273-ceeb165226f6"
          ],
          "failures": [],
          "pending": [],
          "skipped": [],
          "duration": 3471,
          "root": false,
          "rootEmpty": false,
          "_timeout": 2000
        }
      ],
      "passes": [],
      "failures": [],
      "pending": [],
      "skipped": [],
      "duration": 0,
      "root": true,
      "rootEmpty": true,
      "_timeout": 2000
    },
    {
      "uuid": "be8d1863-9532-44c9-b1e9-e76b8948ffc2",
      "title": "",
      "fullFile": "cypress/integration/webdriver-uni/contact-us.spec.js",
      "file": "cypress/integration/webdriver-uni/contact-us.spec.js",
      "beforeHooks": [],
      "afterHooks": [],
      "tests": [],
      "suites": [
        {
          "uuid": "a050790d-b55c-4e3d-9ffd-4e0e57f1a73d",
          "title": "Test Contact Us form via WebdriverUni",
          "fullFile": "",
          "file": "",
          "beforeHooks": [],
          "afterHooks": [],
          "tests": [
            {
              "title": "Should be able to submit a successful submission via contact us form",
              "fullTitle": "Test Contact Us form via WebdriverUni Should be able to submit a successful submission via contact us form",
              "timedOut": null,
              "duration": 5387,
              "state": "passed",
              "speed": "medium",
              "pass": true,
              "fail": false,
              "pending": false,
              "context": null,
              "code": "cy.document().should('have.property', 'charset').and('eq', 'UTF-8');\ncy.title().should('include', 'WebDriver | Contact Us');\ncy.url().should('include', 'contactus'); //cy.get('#contact-us').click({force: true})\n//option 1\n// cy.get('[name=\"first_name\"]').type(data.first_name);\n// cy.get('[name=\"last_name\"]').type(data.last_name);\n// cy.get('[name=\"email\"]').type(data.email)\n// cy.get('textarea.feedback-input').type(\"How can I learn Cypress?\")\n// cy.get('[type=\"submit\"]').click();\n// cy.get('h1').should('have.text', 'Thank You for your Message!')\n//option 2\n// cy.webdriverUni_ContactForm_Submission(Cypress.env(\"first_name\"), data.last_name, data.email, \n//     \"How can I learn Cypress?\", 'h1', 'Thank You for your Message!');\n//option 3\ncontact_Us_PO.contactForm_Submission(Cypress.env(\"first_name\"), data.last_name, data.email, \"How can I learn Cypress?\", 'h1', 'Thank You for your Message!');",
              "err": {},
              "uuid": "eec988e6-0d34-4619-b2f6-6502606dfd32",
              "parentUUID": "a050790d-b55c-4e3d-9ffd-4e0e57f1a73d",
              "isHook": false,
              "skipped": false
            },
            {
              "title": "Should not be able to submit a successful submission via contact us form as all fields are required",
              "fullTitle": "Test Contact Us form via WebdriverUni Should not be able to submit a successful submission via contact us form as all fields are required",
              "timedOut": null,
              "duration": 1852,
              "state": "passed",
              "speed": "fast",
              "pass": true,
              "fail": false,
              "pending": false,
              "context": null,
              "code": "//option 2\n// cy.webdriverUni_ContactForm_Submission(data.first_name, data.last_name, \" \", \n// \"How can I learn Cypress?\", 'body', 'Error: Invalid email address');\n//in here I am sending the email field with a \" \" (a space), which is not exactly what I was trying to do, because a field with a \" \" is not\n//the same as an empty field. There are workarounds for this, but in order not to make the code bigger I am keeping it like that.\n//option 3\ncontact_Us_PO.contactForm_Submission(Cypress.env(\"first_name\"), data.last_name, \" \", \"How can I learn Cypress?\", 'body', 'Error: Invalid email address');",
              "err": {},
              "uuid": "c41b46bf-85da-4ced-bfd0-376e9c591319",
              "parentUUID": "a050790d-b55c-4e3d-9ffd-4e0e57f1a73d",
              "isHook": false,
              "skipped": false
            }
          ],
          "suites": [],
          "passes": [
            "eec988e6-0d34-4619-b2f6-6502606dfd32",
            "c41b46bf-85da-4ced-bfd0-376e9c591319"
          ],
          "failures": [],
          "pending": [],
          "skipped": [],
          "duration": 7239,
          "root": false,
          "rootEmpty": false,
          "_timeout": 2000
        }
      ],
      "passes": [],
      "failures": [],
      "pending": [],
      "skipped": [],
      "duration": 0,
      "root": true,
      "rootEmpty": true,
      "_timeout": 2000
    },
    {
      "uuid": "594b5b63-a958-4b3e-befe-2c73d610c3bf",
      "title": "",
      "fullFile": "cypress/integration/webdriver-uni/data-tables.spec.js",
      "file": "cypress/integration/webdriver-uni/data-tables.spec.js",
      "beforeHooks": [],
      "afterHooks": [],
      "tests": [],
      "suites": [
        {
          "uuid": "95186f99-a047-477a-827e-9eade25953d2",
          "title": "Handling data via webdriveruni",
          "fullFile": "",
          "file": "",
          "beforeHooks": [],
          "afterHooks": [],
          "tests": [
            {
              "title": "Calculate and assert the total age of all users",
              "fullTitle": "Handling data via webdriveruni Calculate and assert the total age of all users",
              "timedOut": null,
              "duration": 3644,
              "state": "passed",
              "speed": "fast",
              "pass": true,
              "fail": false,
              "pending": false,
              "context": null,
              "code": "let totalAge = 0;\ncy.get('#thumbnail-1 td:nth-child(3)').each(($el, index, $list) => {\n  totalAge += Number($el.text());\n}).then(() => {\n  //thats the solution. To put a then() next to the each\n  expect(totalAge).to.eq(322);\n});",
              "err": {},
              "uuid": "054198d7-c2b3-4cef-8060-02221cd4120a",
              "parentUUID": "95186f99-a047-477a-827e-9eade25953d2",
              "isHook": false,
              "skipped": false
            },
            {
              "title": "Calculate and assert the age of a given user based on last name",
              "fullTitle": "Handling data via webdriveruni Calculate and assert the age of a given user based on last name",
              "timedOut": null,
              "duration": 649,
              "state": "passed",
              "speed": "fast",
              "pass": true,
              "fail": false,
              "pending": false,
              "context": null,
              "code": "//option 1\n// cy.get('#thumbnail-1 td:nth-child(2)').each(($el, index, $list) => {\n//     const text = $el.text()\n//     if(text.includes(\"Woods\")) {\n//         cy.get('#thumbnail-1 td:nth-child(2)').eq(index).next().then((age) => {\n//             const userAge = age.text();\n//             expect(userAge).to.equal(\"80\");\n//         })\n//     }\n// })\n//option 2\ncy.get('#thumbnail-1 td:nth-child(2)').contains('Woods').next().invoke('text').should('eq', '80');",
              "err": {},
              "uuid": "1c8e2f0b-bc37-440d-8028-bb590ee89690",
              "parentUUID": "95186f99-a047-477a-827e-9eade25953d2",
              "isHook": false,
              "skipped": false
            }
          ],
          "suites": [],
          "passes": [
            "054198d7-c2b3-4cef-8060-02221cd4120a",
            "1c8e2f0b-bc37-440d-8028-bb590ee89690"
          ],
          "failures": [],
          "pending": [],
          "skipped": [],
          "duration": 4293,
          "root": false,
          "rootEmpty": false,
          "_timeout": 2000
        }
      ],
      "passes": [],
      "failures": [],
      "pending": [],
      "skipped": [],
      "duration": 0,
      "root": true,
      "rootEmpty": true,
      "_timeout": 2000
    },
    {
      "uuid": "f3c1cae1-9be9-45c8-9f1a-401ed514089f",
      "title": "",
      "fullFile": "cypress/integration/webdriver-uni/datepicker.spec.js",
      "file": "cypress/integration/webdriver-uni/datepicker.spec.js",
      "beforeHooks": [],
      "afterHooks": [],
      "tests": [],
      "suites": [
        {
          "uuid": "94b45024-1595-443b-b55e-1135a0a5cc26",
          "title": "Test Datepicker via webdriveruni",
          "fullFile": "",
          "file": "",
          "beforeHooks": [],
          "afterHooks": [],
          "tests": [
            {
              "title": "Select date from the datepicker",
              "fullTitle": "Test Datepicker via webdriveruni Select date from the datepicker",
              "timedOut": null,
              "duration": 4468,
              "state": "passed",
              "speed": "fast",
              "pass": true,
              "fail": false,
              "pending": false,
              "context": null,
              "code": "cy.visit(\"http://www.webdriveruniversity.com\");\ncy.get('#datepicker').invoke('removeAttr', 'target').click({\n  force: true\n});\ncy.get('#datepicker').click();\nvar date = new Date();\ndate.setDate(date.getDate() + 400); //get current day and add 400 days\nvar futureYear = date.getFullYear();\nvar futureMonth = date.toLocaleString(\"en-GB\", {\n  month: \"long\"\n}); //the \"en-GB\" is to display it in Great Britain style. If I did it with the \"default\" option it returns the month in Spanish and the test keeps iterating.\nvar futureDay = date.getDate();\ncy.log(\"Future year to select: \" + futureYear);\ncy.log(\"Future month to select: \" + futureMonth);\ncy.log(\"Future day to select: \" + futureDay);\nfunction selectYear() {\n  cy.get('.datepicker-dropdown').find('.datepicker-switch').first().then(currentDate => {\n    if (!currentDate.text().includes(futureYear)) {\n      cy.get('.next').first().click();\n      selectYear();\n    }\n  });\n}\nfunction selectMonth() {\n  cy.get('.datepicker-dropdown').find('.datepicker-switch').first().then(currentDate => {\n    if (!currentDate.text().includes(futureMonth)) {\n      cy.get('.next').first().click();\n      selectMonth();\n    }\n  });\n}\nfunction selectFutureDay() {\n  cy.get('[class=\"day\"]').contains(futureDay).click();\n}\nselectYear();\nselectMonth();\nselectFutureDay();",
              "err": {},
              "uuid": "6f5b1efc-bbdb-4e69-9f8e-5391957e6890",
              "parentUUID": "94b45024-1595-443b-b55e-1135a0a5cc26",
              "isHook": false,
              "skipped": false
            }
          ],
          "suites": [],
          "passes": [
            "6f5b1efc-bbdb-4e69-9f8e-5391957e6890"
          ],
          "failures": [],
          "pending": [],
          "skipped": [],
          "duration": 4468,
          "root": false,
          "rootEmpty": false,
          "_timeout": 2000
        }
      ],
      "passes": [],
      "failures": [],
      "pending": [],
      "skipped": [],
      "duration": 0,
      "root": true,
      "rootEmpty": true,
      "_timeout": 2000
    },
    {
      "uuid": "a4051fc3-d2de-47ba-8d8e-155b66ac5816",
      "title": "",
      "fullFile": "cypress/integration/webdriver-uni/file-upload.spec.js",
      "file": "cypress/integration/webdriver-uni/file-upload.spec.js",
      "beforeHooks": [],
      "afterHooks": [],
      "tests": [],
      "suites": [
        {
          "uuid": "16ec3b4d-887b-4f8b-b4fa-41db8441bbac",
          "title": "Test File Upload via webdriveruni",
          "fullFile": "",
          "file": "",
          "beforeHooks": [],
          "afterHooks": [],
          "tests": [
            {
              "title": "Upload a file....",
              "fullTitle": "Test File Upload via webdriveruni Upload a file....",
              "timedOut": null,
              "duration": 3297,
              "state": "passed",
              "speed": "fast",
              "pass": true,
              "fail": false,
              "pending": false,
              "context": null,
              "code": "cy.visit(\"http://www.webdriveruniversity.com\");\ncy.get('#file-upload').invoke('removeAttr', 'target').click({\n  force: true\n});\ncy.fixture(\"gatito.jpg\", \"base64\").then(fileContent => {\n  cy.get(\"#myFile\").attachFile({\n    fileContent,\n    fileName: \"gatito.jpg\",\n    mimeType: \"image/jpg\" //tipo del archivo a subir\n  }, {\n    uploadType: \"input\" //con esto decimos que es de tipo upload\n  });\n});\ncy.get(\"#submit-button\").click();",
              "err": {},
              "uuid": "2bfecb67-7105-47c1-bf1b-7f4019e2b8e0",
              "parentUUID": "16ec3b4d-887b-4f8b-b4fa-41db8441bbac",
              "isHook": false,
              "skipped": false
            },
            {
              "title": "Upload no file....",
              "fullTitle": "Test File Upload via webdriveruni Upload no file....",
              "timedOut": null,
              "duration": 926,
              "state": "passed",
              "speed": "fast",
              "pass": true,
              "fail": false,
              "pending": false,
              "context": null,
              "code": "cy.visit(\"http://www.webdriveruniversity.com\");\ncy.get('#file-upload').invoke('removeAttr', 'target').click({\n  force: true\n});\ncy.get(\"#submit-button\").click();",
              "err": {},
              "uuid": "809b09b8-2bc7-4a9d-9b37-5a9f61312f7b",
              "parentUUID": "16ec3b4d-887b-4f8b-b4fa-41db8441bbac",
              "isHook": false,
              "skipped": false
            }
          ],
          "suites": [],
          "passes": [
            "2bfecb67-7105-47c1-bf1b-7f4019e2b8e0",
            "809b09b8-2bc7-4a9d-9b37-5a9f61312f7b"
          ],
          "failures": [],
          "pending": [],
          "skipped": [],
          "duration": 4223,
          "root": false,
          "rootEmpty": false,
          "_timeout": 2000
        }
      ],
      "passes": [],
      "failures": [],
      "pending": [],
      "skipped": [],
      "duration": 0,
      "root": true,
      "rootEmpty": true,
      "_timeout": 2000
    },
    {
      "uuid": "48433624-c2b8-4cc0-9752-e683ce5f6869",
      "title": "",
      "fullFile": "cypress/integration/webdriver-uni/iframe.spec.js",
      "file": "cypress/integration/webdriver-uni/iframe.spec.js",
      "beforeHooks": [],
      "afterHooks": [],
      "tests": [],
      "suites": [
        {
          "uuid": "8517eb93-79fd-419c-ad90-1386d78ec39c",
          "title": "Handling IFrame & Modals",
          "fullFile": "",
          "file": "",
          "beforeHooks": [],
          "afterHooks": [],
          "tests": [
            {
              "title": "Handle webdriveruni iframe and modal",
              "fullTitle": "Handling IFrame & Modals Handle webdriveruni iframe and modal",
              "timedOut": null,
              "duration": 4018,
              "state": "passed",
              "speed": "fast",
              "pass": true,
              "fail": false,
              "pending": false,
              "context": null,
              "code": "cy.visit(\"http://www.webdriveruniversity.com\");\ncy.get('#iframe').invoke('removeAttr', 'target').click({\n  force: true\n}); //option 1\n// cy.get('#frame').then($iframe => {\n//     const body = $iframe.contents().find('body') //contents() is a jQuery method\n//     cy.wrap(body).as('iframe')\n// })\n//option 2\ncy.get('#frame').its('0.contentDocument').its('body').as('iframe');\ncy.get('@iframe').find('#button-find-out-more').click();\ncy.get('@iframe').find('#myModal').then(modal => {\n  //option 1\n  // cy.wrap(modal).should(($expectedText) => {\n  //     const text = $expectedText.text()\n  //     expect(text).to.include('Welcome to webdriveruniversity.com we sell a wide range of electrical goods');\n  // })\n  //option 2\n  cy.wrap(modal).invoke('text').should('contain', 'Welcome to webdriveruniversity.com we sell a wide range of electrical goods');\n  cy.wrap(modal).contains('Close').click();\n});",
              "err": {},
              "uuid": "de802e96-b2b8-48cd-b84e-05fc82ae58b1",
              "parentUUID": "8517eb93-79fd-419c-ad90-1386d78ec39c",
              "isHook": false,
              "skipped": false
            }
          ],
          "suites": [],
          "passes": [
            "de802e96-b2b8-48cd-b84e-05fc82ae58b1"
          ],
          "failures": [],
          "pending": [],
          "skipped": [],
          "duration": 4018,
          "root": false,
          "rootEmpty": false,
          "_timeout": 2000
        }
      ],
      "passes": [],
      "failures": [],
      "pending": [],
      "skipped": [],
      "duration": 0,
      "root": true,
      "rootEmpty": true,
      "_timeout": 2000
    },
    {
      "uuid": "fe1398bc-7185-4e99-994d-ec16c4445c1f",
      "title": "",
      "fullFile": "cypress/integration/webdriver-uni/js-alerts.spec.js",
      "file": "cypress/integration/webdriver-uni/js-alerts.spec.js",
      "beforeHooks": [],
      "afterHooks": [],
      "tests": [],
      "suites": [
        {
          "uuid": "e0dda8e0-d825-42a1-a1d8-986813e1186d",
          "title": "Handle js alerts",
          "fullFile": "",
          "file": "",
          "beforeHooks": [],
          "afterHooks": [],
          "tests": [
            {
              "title": "Validate js confirm alert box using a stub",
              "fullTitle": "Handle js alerts Validate js confirm alert box using a stub",
              "timedOut": null,
              "duration": 2505,
              "state": "passed",
              "speed": "fast",
              "pass": true,
              "fail": false,
              "pending": false,
              "context": null,
              "code": "cy.visit(\"http://www.webdriveruniversity.com\");\ncy.get('#popup-alerts').invoke('removeAttr', 'target').click({\n  force: true\n});\nconst stub = cy.stub(); // stub.onFirstCall().returns(true) //not necessary because the default is true\nstub.onSecondCall().returns(false); //i am making the stub change the behavior of the window:confirm and making it cancel the alert\ncy.on('window:confirm', stub);\ncy.get('#button4').click().then(() => {\n  expect(stub.getCall(0)).to.be.calledWith('Press a button!');\n}).then(() => {\n  cy.get('#confirm-alert-text').contains('You pressed OK!');\n});\ncy.get('#button4').click().then(() => {\n  expect(stub.getCall(1)).to.be.calledWith('Press a button!');\n}).then(() => {\n  cy.get('#confirm-alert-text').contains('You pressed Cancel!');\n});",
              "err": {},
              "uuid": "fe4a99bd-d572-4185-94f8-ebbef83f35b0",
              "parentUUID": "e0dda8e0-d825-42a1-a1d8-986813e1186d",
              "isHook": false,
              "skipped": false
            }
          ],
          "suites": [],
          "passes": [
            "fe4a99bd-d572-4185-94f8-ebbef83f35b0"
          ],
          "failures": [],
          "pending": [],
          "skipped": [],
          "duration": 2505,
          "root": false,
          "rootEmpty": false,
          "_timeout": 2000
        }
      ],
      "passes": [],
      "failures": [],
      "pending": [],
      "skipped": [],
      "duration": 0,
      "root": true,
      "rootEmpty": true,
      "_timeout": 2000
    },
    {
      "uuid": "17d0f861-8f1e-4e22-8f87-d8e2efda9d1c",
      "title": "",
      "fullFile": "cypress/integration/webdriver-uni/mouse-actions.spec.js",
      "file": "cypress/integration/webdriver-uni/mouse-actions.spec.js",
      "beforeHooks": [],
      "afterHooks": [],
      "tests": [],
      "suites": [
        {
          "uuid": "1b954a9b-6bc3-4ba5-8638-aa8ff95ef0f9",
          "title": "Test mouse actions",
          "fullFile": "",
          "file": "",
          "beforeHooks": [],
          "afterHooks": [],
          "tests": [
            {
              "title": "I should be able to drag and drop a draggable item",
              "fullTitle": "Test mouse actions I should be able to drag and drop a draggable item",
              "timedOut": null,
              "duration": 3420,
              "state": "passed",
              "speed": "fast",
              "pass": true,
              "fail": false,
              "pending": false,
              "context": null,
              "code": "cy.get('#draggable').trigger('mousedown', {\n  which: 1\n}); //without the which:1 it doesnt work. Apparently it is to click on the center of the element, or something about the left click\ncy.get('#droppable').trigger('mousemove').trigger('mouseup', {\n  force: true\n}); //without the force:true it doesnt work, because the draggable is covering the droppable. It is to force that the mouse action is released.",
              "err": {},
              "uuid": "738a4127-0f16-471a-ad4d-6b43ea5bb23e",
              "parentUUID": "1b954a9b-6bc3-4ba5-8638-aa8ff95ef0f9",
              "isHook": false,
              "skipped": false
            },
            {
              "title": "I should be able to perform a double mouse click",
              "fullTitle": "Test mouse actions I should be able to perform a double mouse click",
              "timedOut": null,
              "duration": 672,
              "state": "passed",
              "speed": "fast",
              "pass": true,
              "fail": false,
              "pending": false,
              "context": null,
              "code": "cy.get('#double-click').dblclick();",
              "err": {},
              "uuid": "3c461a10-6101-473a-a3e0-c7cc13d46ce8",
              "parentUUID": "1b954a9b-6bc3-4ba5-8638-aa8ff95ef0f9",
              "isHook": false,
              "skipped": false
            },
            {
              "title": "I should be able hold down the left mouse click button on a given element",
              "fullTitle": "Test mouse actions I should be able hold down the left mouse click button on a given element",
              "timedOut": null,
              "duration": 612,
              "state": "passed",
              "speed": "fast",
              "pass": true,
              "fail": false,
              "pending": false,
              "context": null,
              "code": "//option 1\ncy.get('#click-box').trigger('mousedown', {\n  which: 1\n}).then($element => {\n  expect($element).to.have.css('background-color', 'rgb(0, 255, 0)');\n}); //option 2\n// cy.get('#click-box').trigger('mousedown', {which: 1})\n// cy.get('#click-box').should('have.css', 'background-color', 'rgb(0, 255, 0)')",
              "err": {},
              "uuid": "8f09f186-e355-4cc0-ba64-764589e8e3dc",
              "parentUUID": "1b954a9b-6bc3-4ba5-8638-aa8ff95ef0f9",
              "isHook": false,
              "skipped": false
            }
          ],
          "suites": [],
          "passes": [
            "738a4127-0f16-471a-ad4d-6b43ea5bb23e",
            "3c461a10-6101-473a-a3e0-c7cc13d46ce8",
            "8f09f186-e355-4cc0-ba64-764589e8e3dc"
          ],
          "failures": [],
          "pending": [],
          "skipped": [],
          "duration": 4704,
          "root": false,
          "rootEmpty": false,
          "_timeout": 2000
        }
      ],
      "passes": [],
      "failures": [],
      "pending": [],
      "skipped": [],
      "duration": 0,
      "root": true,
      "rootEmpty": true,
      "_timeout": 2000
    },
    {
      "uuid": "19746d57-4008-4197-9f67-5d8f397d6390",
      "title": "",
      "fullFile": "cypress/integration/webdriver-uni/radio-buttons.spec.js",
      "file": "cypress/integration/webdriver-uni/radio-buttons.spec.js",
      "beforeHooks": [],
      "afterHooks": [],
      "tests": [],
      "suites": [
        {
          "uuid": "297defc1-65c1-4144-9c08-14f85268caf0",
          "title": "Verify radio buttons via webdriveruni",
          "fullFile": "",
          "file": "",
          "beforeHooks": [],
          "afterHooks": [],
          "tests": [
            {
              "title": "Check specific radio buttons",
              "fullTitle": "Verify radio buttons via webdriveruni Check specific radio buttons",
              "timedOut": null,
              "duration": 2585,
              "state": "passed",
              "speed": "fast",
              "pass": true,
              "fail": false,
              "pending": false,
              "context": null,
              "code": "cy.visit(\"http://www.webdriveruniversity.com\");\ncy.get('#dropdown-checkboxes-radiobuttons').invoke('removeAttr', 'target').click({\n  force: true\n});\ncy.get('#radio-buttons').find(\"[type='radio']\").first().check();\ncy.get('#radio-buttons').find(\"[type='radio']\").eq(1).check();",
              "err": {},
              "uuid": "88a97e8a-5a46-4e9e-9480-dcb9a3bd690e",
              "parentUUID": "297defc1-65c1-4144-9c08-14f85268caf0",
              "isHook": false,
              "skipped": false
            },
            {
              "title": "Validate the states of specific radio buttons",
              "fullTitle": "Verify radio buttons via webdriveruni Validate the states of specific radio buttons",
              "timedOut": null,
              "duration": 705,
              "state": "passed",
              "speed": "fast",
              "pass": true,
              "fail": false,
              "pending": false,
              "context": null,
              "code": "cy.visit(\"http://www.webdriveruniversity.com\");\ncy.get('#dropdown-checkboxes-radiobuttons').invoke('removeAttr', 'target').click({\n  force: true\n});\ncy.get(\"[value='lettuce']\").should('not.be.checked');\ncy.get(\"[value='pumpkin']\").should('be.checked');\ncy.get(\"[value='lettuce']\").check().should('be.checked');\ncy.get(\"[value='pumpkin']\").should('not.be.checked');\ncy.get(\"[value='cabbage']\").should('be.disabled');",
              "err": {},
              "uuid": "335e4a5f-432e-4f73-a43a-4284d40e65ae",
              "parentUUID": "297defc1-65c1-4144-9c08-14f85268caf0",
              "isHook": false,
              "skipped": false
            }
          ],
          "suites": [],
          "passes": [
            "88a97e8a-5a46-4e9e-9480-dcb9a3bd690e",
            "335e4a5f-432e-4f73-a43a-4284d40e65ae"
          ],
          "failures": [],
          "pending": [],
          "skipped": [],
          "duration": 3290,
          "root": false,
          "rootEmpty": false,
          "_timeout": 2000
        }
      ],
      "passes": [],
      "failures": [],
      "pending": [],
      "skipped": [],
      "duration": 0,
      "root": true,
      "rootEmpty": true,
      "_timeout": 2000
    },
    {
      "uuid": "adcc2811-a1b0-4fee-8701-8e58b3ef2e35",
      "title": "",
      "fullFile": "cypress/integration/webdriver-uni/traversing-elements.spec.js",
      "file": "cypress/integration/webdriver-uni/traversing-elements.spec.js",
      "beforeHooks": [],
      "afterHooks": [],
      "tests": [],
      "suites": [
        {
          "uuid": "ca9b07a9-8284-44fc-96ac-c737d5407fa5",
          "title": "Traversing DOM elements in Cypress",
          "fullFile": "",
          "file": "",
          "beforeHooks": [],
          "afterHooks": [],
          "tests": [
            {
              "title": "children() to get the children of DOM elements",
              "fullTitle": "Traversing DOM elements in Cypress children() to get the children of DOM elements",
              "timedOut": null,
              "duration": 2950,
              "state": "passed",
              "speed": "fast",
              "pass": true,
              "fail": false,
              "pending": false,
              "context": null,
              "code": "cy.get('.traversal-breadcrumb').children('.active').should('contain', 'Contact Us');",
              "err": {},
              "uuid": "da7492ae-0c85-4677-83d8-102c7a124842",
              "parentUUID": "ca9b07a9-8284-44fc-96ac-c737d5407fa5",
              "isHook": false,
              "skipped": false
            },
            {
              "title": "closest() to validate the closest ancestor DOM element",
              "fullTitle": "Traversing DOM elements in Cypress closest() to validate the closest ancestor DOM element",
              "timedOut": null,
              "duration": 695,
              "state": "passed",
              "speed": "fast",
              "pass": true,
              "fail": false,
              "pending": false,
              "context": null,
              "code": "cy.get('.traversal-badge').closest('ul').should('have.class', 'list-group');",
              "err": {},
              "uuid": "9e293f8c-0a7f-41a4-88ed-81f8d54ee6b3",
              "parentUUID": "ca9b07a9-8284-44fc-96ac-c737d5407fa5",
              "isHook": false,
              "skipped": false
            },
            {
              "title": "eq() to retrieve a specific element based on index",
              "fullTitle": "Traversing DOM elements in Cypress eq() to retrieve a specific element based on index",
              "timedOut": null,
              "duration": 582,
              "state": "passed",
              "speed": "fast",
              "pass": true,
              "fail": false,
              "pending": false,
              "context": null,
              "code": "cy.get('.traversal-drinks-list > *').eq(2).should('contain', 'Milk');",
              "err": {},
              "uuid": "4c945425-a734-4356-a28a-47382f148c47",
              "parentUUID": "ca9b07a9-8284-44fc-96ac-c737d5407fa5",
              "isHook": false,
              "skipped": false
            },
            {
              "title": "filter() to retrieve DOM elements that match a specific selector",
              "fullTitle": "Traversing DOM elements in Cypress filter() to retrieve DOM elements that match a specific selector",
              "timedOut": null,
              "duration": 584,
              "state": "passed",
              "speed": "fast",
              "pass": true,
              "fail": false,
              "pending": false,
              "context": null,
              "code": "cy.get('.btn-group-toggle > *').filter('.active').should('contain', 'Button-1');",
              "err": {},
              "uuid": "6f56ece3-2e7f-4846-a5ec-cec17f2b020d",
              "parentUUID": "ca9b07a9-8284-44fc-96ac-c737d5407fa5",
              "isHook": false,
              "skipped": false
            },
            {
              "title": "find() to retrieve DOM elements of a given selector",
              "fullTitle": "Traversing DOM elements in Cypress find() to retrieve DOM elements of a given selector",
              "timedOut": null,
              "duration": 600,
              "state": "passed",
              "speed": "fast",
              "pass": true,
              "fail": false,
              "pending": false,
              "context": null,
              "code": "cy.get('.traversal-pagination').find('li').find('a').should('have.length', 7);",
              "err": {},
              "uuid": "027fc6b8-13dd-4508-ad09-57d8d015078e",
              "parentUUID": "ca9b07a9-8284-44fc-96ac-c737d5407fa5",
              "isHook": false,
              "skipped": false
            },
            {
              "title": "first() to retrieve the first DOM element within elements ",
              "fullTitle": "Traversing DOM elements in Cypress first() to retrieve the first DOM element within elements ",
              "timedOut": null,
              "duration": 658,
              "state": "passed",
              "speed": "fast",
              "pass": true,
              "fail": false,
              "pending": false,
              "context": null,
              "code": "cy.get('.traversal-table > tbody > tr > td').first().should('contain', 'Andy');",
              "err": {},
              "uuid": "d8537001-b9ce-4984-8dc0-f1bfde912ca4",
              "parentUUID": "ca9b07a9-8284-44fc-96ac-c737d5407fa5",
              "isHook": false,
              "skipped": false
            },
            {
              "title": "last() to retrieve the last DOM element within elements",
              "fullTitle": "Traversing DOM elements in Cypress last() to retrieve the last DOM element within elements",
              "timedOut": null,
              "duration": 584,
              "state": "passed",
              "speed": "fast",
              "pass": true,
              "fail": false,
              "pending": false,
              "context": null,
              "code": "cy.get('.traversal-table > tbody > tr > td').last().should('contain', 'Scott');",
              "err": {},
              "uuid": "19b5d4c8-a026-4ba0-aa01-4594f76faa56",
              "parentUUID": "ca9b07a9-8284-44fc-96ac-c737d5407fa5",
              "isHook": false,
              "skipped": false
            },
            {
              "title": "nextAll() to get all of the next sibling DOM elements within elements",
              "fullTitle": "Traversing DOM elements in Cypress nextAll() to get all of the next sibling DOM elements within elements",
              "timedOut": null,
              "duration": 569,
              "state": "passed",
              "speed": "fast",
              "pass": true,
              "fail": false,
              "pending": false,
              "context": null,
              "code": "cy.get('.traversal-drinks-list').contains('Tea').nextAll().should('have.length', '3');",
              "err": {},
              "uuid": "4a4f487e-3a9f-4635-b03c-ea4c9e289f9e",
              "parentUUID": "ca9b07a9-8284-44fc-96ac-c737d5407fa5",
              "isHook": false,
              "skipped": false
            },
            {
              "title": "nextUntil() to get all of the next sibling DOM elements within elements until another element",
              "fullTitle": "Traversing DOM elements in Cypress nextUntil() to get all of the next sibling DOM elements within elements until another element",
              "timedOut": null,
              "duration": 571,
              "state": "passed",
              "speed": "fast",
              "pass": true,
              "fail": false,
              "pending": false,
              "context": null,
              "code": "cy.get('#coffee').nextUntil('#milk');",
              "err": {},
              "uuid": "7e957aaf-701e-4646-8924-2af4c9cc28fe",
              "parentUUID": "ca9b07a9-8284-44fc-96ac-c737d5407fa5",
              "isHook": false,
              "skipped": false
            },
            {
              "title": "not() to remove DOM element(s) from the set of elements",
              "fullTitle": "Traversing DOM elements in Cypress not() to remove DOM element(s) from the set of elements",
              "timedOut": null,
              "duration": 577,
              "state": "passed",
              "speed": "fast",
              "pass": true,
              "fail": false,
              "pending": false,
              "context": null,
              "code": "cy.get('.traversal-button-states > button').not('.disabled').should('not.have.class', 'disabled');",
              "err": {},
              "uuid": "5d1d6eb6-e624-4941-8d4f-b907585ce08a",
              "parentUUID": "ca9b07a9-8284-44fc-96ac-c737d5407fa5",
              "isHook": false,
              "skipped": false
            },
            {
              "title": "parent() To get parent DOM element of elements",
              "fullTitle": "Traversing DOM elements in Cypress parent() To get parent DOM element of elements",
              "timedOut": null,
              "duration": 567,
              "state": "passed",
              "speed": "fast",
              "pass": true,
              "fail": false,
              "pending": false,
              "context": null,
              "code": "cy.get('.traversal-mark').parent().should('contain', 'Lorem ipsum dolor sit amet');",
              "err": {},
              "uuid": "b3918e70-b2cb-4f9c-9942-cdb9e9908051",
              "parentUUID": "ca9b07a9-8284-44fc-96ac-c737d5407fa5",
              "isHook": false,
              "skipped": false
            },
            {
              "title": "parents() to get parents DOM element of elements",
              "fullTitle": "Traversing DOM elements in Cypress parents() to get parents DOM element of elements",
              "timedOut": null,
              "duration": 592,
              "state": "passed",
              "speed": "fast",
              "pass": true,
              "fail": false,
              "pending": false,
              "context": null,
              "code": "cy.get('.traversal-cite').parents().should('match', 'blockquote');",
              "err": {},
              "uuid": "515b0984-0b2d-41d4-905c-4771d798dfd9",
              "parentUUID": "ca9b07a9-8284-44fc-96ac-c737d5407fa5",
              "isHook": false,
              "skipped": false
            },
            {
              "title": "prev() to get the previous sibling DOM element within elements",
              "fullTitle": "Traversing DOM elements in Cypress prev() to get the previous sibling DOM element within elements",
              "timedOut": null,
              "duration": 580,
              "state": "passed",
              "speed": "fast",
              "pass": true,
              "fail": false,
              "pending": false,
              "context": null,
              "code": "cy.get('#sugar').prev().contains('Espresso');",
              "err": {},
              "uuid": "8b61b441-9031-44fe-b3a2-f391260c4d9a",
              "parentUUID": "ca9b07a9-8284-44fc-96ac-c737d5407fa5",
              "isHook": false,
              "skipped": false
            },
            {
              "title": "prevAll() to get all previous sibling DOM elements within elements",
              "fullTitle": "Traversing DOM elements in Cypress prevAll() to get all previous sibling DOM elements within elements",
              "timedOut": null,
              "duration": 578,
              "state": "passed",
              "speed": "fast",
              "pass": true,
              "fail": false,
              "pending": false,
              "context": null,
              "code": "cy.get('.sales').prevAll().should('have.length', 2);",
              "err": {},
              "uuid": "2a7fd5c5-00aa-4b1d-be52-d3dde6c84d9c",
              "parentUUID": "ca9b07a9-8284-44fc-96ac-c737d5407fa5",
              "isHook": false,
              "skipped": false
            },
            {
              "title": "prevUntil() to get all previous sibling DOM elements within elements until other element",
              "fullTitle": "Traversing DOM elements in Cypress prevUntil() to get all previous sibling DOM elements within elements until other element",
              "timedOut": null,
              "duration": 575,
              "state": "passed",
              "speed": "fast",
              "pass": true,
              "fail": false,
              "pending": false,
              "context": null,
              "code": "cy.get('#veggie').prevUntil('#fruits').should('have.length', 5);",
              "err": {},
              "uuid": "9b2a2659-b6ce-41d3-a8d2-5a3a28af77c5",
              "parentUUID": "ca9b07a9-8284-44fc-96ac-c737d5407fa5",
              "isHook": false,
              "skipped": false
            },
            {
              "title": "siblings() To get all sibling DOM elements of elements",
              "fullTitle": "Traversing DOM elements in Cypress siblings() To get all sibling DOM elements of elements",
              "timedOut": null,
              "duration": 587,
              "state": "passed",
              "speed": "fast",
              "pass": true,
              "fail": false,
              "pending": false,
              "context": null,
              "code": "cy.get('.traversal-button-other-states .active').siblings().should('have.length', 3);",
              "err": {},
              "uuid": "b2e52be9-3f71-45fc-a4fb-dab283c990e8",
              "parentUUID": "ca9b07a9-8284-44fc-96ac-c737d5407fa5",
              "isHook": false,
              "skipped": false
            }
          ],
          "suites": [],
          "passes": [
            "da7492ae-0c85-4677-83d8-102c7a124842",
            "9e293f8c-0a7f-41a4-88ed-81f8d54ee6b3",
            "4c945425-a734-4356-a28a-47382f148c47",
            "6f56ece3-2e7f-4846-a5ec-cec17f2b020d",
            "027fc6b8-13dd-4508-ad09-57d8d015078e",
            "d8537001-b9ce-4984-8dc0-f1bfde912ca4",
            "19b5d4c8-a026-4ba0-aa01-4594f76faa56",
            "4a4f487e-3a9f-4635-b03c-ea4c9e289f9e",
            "7e957aaf-701e-4646-8924-2af4c9cc28fe",
            "5d1d6eb6-e624-4941-8d4f-b907585ce08a",
            "b3918e70-b2cb-4f9c-9942-cdb9e9908051",
            "515b0984-0b2d-41d4-905c-4771d798dfd9",
            "8b61b441-9031-44fe-b3a2-f391260c4d9a",
            "2a7fd5c5-00aa-4b1d-be52-d3dde6c84d9c",
            "9b2a2659-b6ce-41d3-a8d2-5a3a28af77c5",
            "b2e52be9-3f71-45fc-a4fb-dab283c990e8"
          ],
          "failures": [],
          "pending": [],
          "skipped": [],
          "duration": 11849,
          "root": false,
          "rootEmpty": false,
          "_timeout": 2000
        }
      ],
      "passes": [],
      "failures": [],
      "pending": [],
      "skipped": [],
      "duration": 0,
      "root": true,
      "rootEmpty": true,
      "_timeout": 2000
    },
    {
      "uuid": "933631c7-f355-43b9-a879-e2776e9e469a",
      "title": "",
      "fullFile": "cypress/integration/automation-test-store/add-multiple-items-to-basket.spec.js",
      "file": "cypress/integration/automation-test-store/add-multiple-items-to-basket.spec.js",
      "beforeHooks": [],
      "afterHooks": [],
      "tests": [],
      "suites": [
        {
          "uuid": "5e6ba72d-cc32-4f64-aa28-298b4394f34b",
          "title": "Add multiple items to basket",
          "fullFile": "",
          "file": "",
          "beforeHooks": [],
          "afterHooks": [],
          "tests": [
            {
              "title": "Add specific items to basket",
              "fullTitle": "Add multiple items to basket Add specific items to basket",
              "timedOut": null,
              "duration": 13627,
              "state": "passed",
              "speed": "slow",
              "pass": true,
              "fail": false,
              "pending": false,
              "context": null,
              "code": "autoStore_HairCare_PO.addHairCareProductsToBasket();",
              "err": {},
              "uuid": "6a0cd080-61bd-4b90-85c3-9c64272fb997",
              "parentUUID": "5e6ba72d-cc32-4f64-aa28-298b4394f34b",
              "isHook": false,
              "skipped": false
            }
          ],
          "suites": [],
          "passes": [
            "6a0cd080-61bd-4b90-85c3-9c64272fb997"
          ],
          "failures": [],
          "pending": [],
          "skipped": [],
          "duration": 13627,
          "root": false,
          "rootEmpty": false,
          "_timeout": 2000
        }
      ],
      "passes": [],
      "failures": [],
      "pending": [],
      "skipped": [],
      "duration": 0,
      "root": true,
      "rootEmpty": true,
      "_timeout": 2000
    }
  ],
  "meta": {
    "mocha": {
      "version": "7.0.1"
    },
    "mochawesome": {
      "options": {
        "quiet": false,
        "reportFilename": "mochawesome",
        "saveHtml": false,
        "saveJson": true,
        "consoleReporter": "spec",
        "useInlineDiffs": false,
        "code": true
      },
      "version": "7.1.3"
    },
    "marge": {
      "options": {
        "id": "default",
        "reportDir": "cypress/results/mochawesome",
        "quite": true,
        "overwrite": false,
        "html": false,
        "json": true
      },
      "version": "6.2.0"
    }
  }
}