{
  "stats": {
    "suites": 18,
    "tests": 43,
    "passes": 43,
    "pending": 0,
    "failures": 0,
    "start": "2022-05-12T19:34:56.257Z",
    "end": "2022-05-12T19:37:33.219Z",
    "duration": 127097,
    "testsRegistered": 43,
    "passPercent": 100,
    "pendingPercent": 0,
    "other": 0,
    "hasOther": false,
    "skipped": 0,
    "hasSkipped": false
  },
  "results": [
    {
      "uuid": "22349cea-972e-4caa-8261-9d2a704195c1",
      "title": "",
      "fullFile": "cypress/integration/automation-test-store/alias-invoke.spec.js",
      "file": "cypress/integration/automation-test-store/alias-invoke.spec.js",
      "beforeHooks": [],
      "afterHooks": [],
      "tests": [],
      "suites": [
        {
          "uuid": "3b7eefb1-6f9b-458e-894c-ac940ca1077c",
          "title": "Alias and invoke",
          "fullFile": "",
          "file": "",
          "beforeHooks": [],
          "afterHooks": [],
          "tests": [
            {
              "title": "Calculate total of normal and sale products2",
              "fullTitle": "Alias and invoke Calculate total of normal and sale products2",
              "timedOut": null,
              "duration": 7110,
              "state": "passed",
              "speed": "medium",
              "pass": true,
              "fail": false,
              "pending": false,
              "context": null,
              "code": "//option accessing the array of texts via promise/then\ncy.visit(\"https://automationteststore.com/\");\nvar itemsTotalPrice = 0;\ncy.get('.thumbnail .oneprice').invoke('text').then($linkText => {\n  var normalItemsPriceTotal = 0;\n  var normalItemsPrices = $linkText.split('$'); //option 1\n  // var i;\n  // for(i = 0; i < normalItemsPrices.length; i++) {\n  //     // cy.log(normalItemsPrices[i])\n  //     normalItemsPriceTotal += Number(normalItemsPrices[i])\n  // }\n  //option 2\n  var normalItemsPricesNumber = Cypress._.map(normalItemsPrices, Number);\n  normalItemsPriceTotal = Cypress._.sum(normalItemsPricesNumber);\n  itemsTotalPrice += normalItemsPriceTotal;\n  cy.log(\"Non sale price items total: \" + normalItemsPriceTotal); //option 3\n  // cy.wrap(normalItemsPrices).each(($el, index, $list) => {\n  //   normalItemsPriceTotal += Number($el)\n  // }).then(() => {\n  //   itemsTotalPrice += normalItemsPriceTotal;\n  //   cy.log(\"Non sale price items total: \" + normalItemsPriceTotal)\n  // })\n});\ncy.get('.thumbnail .pricenew').invoke('text').then($linkText => {\n  var saleItemsPriceTotal = 0;\n  var saleItemsPrices = $linkText.split('$');\n  var i;\n  for (i = 0; i < saleItemsPrices.length; i++) {\n    // cy.log(saleItemsPrices[i])\n    saleItemsPriceTotal += Number(saleItemsPrices[i]);\n  }\n  itemsTotalPrice += saleItemsPriceTotal;\n  cy.log(\"Sale price items total: \" + saleItemsPriceTotal);\n}).then(() => {\n  cy.log(\"The total price of all products: \" + itemsTotalPrice);\n  expect(itemsTotalPrice).to.equal(648.5);\n});",
              "err": {},
              "uuid": "406c3ff3-9195-4057-bf09-3cd1ab9e26f8",
              "parentUUID": "3b7eefb1-6f9b-458e-894c-ac940ca1077c",
              "isHook": false,
              "skipped": false
            }
          ],
          "suites": [],
          "passes": [
            "406c3ff3-9195-4057-bf09-3cd1ab9e26f8"
          ],
          "failures": [],
          "pending": [],
          "skipped": [],
          "duration": 7110,
          "root": false,
          "rootEmpty": false,
          "_timeout": 2000
        }
      ],
      "passes": [],
      "failures": [],
      "pending": [],
      "skipped": [],
      "duration": 0,
      "root": true,
      "rootEmpty": true,
      "_timeout": 2000
    },
    {
      "uuid": "f178f06c-bd8d-4ce7-a681-4d4f8d2e2409",
      "title": "",
      "fullFile": "cypress/integration/automation-test-store/browser-navigation.spec.js",
      "file": "cypress/integration/automation-test-store/browser-navigation.spec.js",
      "beforeHooks": [],
      "afterHooks": [],
      "tests": [],
      "suites": [
        {
          "uuid": "9fd1aab8-c3de-48b5-be3e-3e588aa4cda9",
          "title": "Validate webdriveruni homepage links",
          "fullFile": "",
          "file": "",
          "beforeHooks": [],
          "afterHooks": [],
          "tests": [
            {
              "title": "Confirm links redirect to the correct pages",
              "fullTitle": "Validate webdriveruni homepage links Confirm links redirect to the correct pages",
              "timedOut": null,
              "duration": 6739,
              "state": "passed",
              "speed": "medium",
              "pass": true,
              "fail": false,
              "pending": false,
              "context": null,
              "code": "//cy.visit(\"http://www.webdriveruniversity.com/Contact-Us/contactus.html\");\ncy.visit(\"http://www.webdriveruniversity.com\");\ncy.get('#contact-us').invoke('removeAttr', 'target').click({\n  force: true\n});\ncy.url().should('include', 'contactus');\ncy.go('back');\ncy.reload();\ncy.url().should('include', 'http://www.webdriveruniversity.com/'); //cy.reload(true) //reload without using cache\ncy.go('forward');\ncy.url().should('include', 'contactus');\ncy.go('back');\ncy.get('#login-portal').invoke('removeAttr', 'target').click({\n  force: true\n});\ncy.url().should('include', 'Login-Portal');\ncy.go('back');",
              "err": {},
              "uuid": "8f847ae9-0f1d-4d7e-8e66-6d00d72bc08e",
              "parentUUID": "9fd1aab8-c3de-48b5-be3e-3e588aa4cda9",
              "isHook": false,
              "skipped": false
            }
          ],
          "suites": [],
          "passes": [
            "8f847ae9-0f1d-4d7e-8e66-6d00d72bc08e"
          ],
          "failures": [],
          "pending": [],
          "skipped": [],
          "duration": 6739,
          "root": false,
          "rootEmpty": false,
          "_timeout": 2000
        }
      ],
      "passes": [],
      "failures": [],
      "pending": [],
      "skipped": [],
      "duration": 0,
      "root": true,
      "rootEmpty": true,
      "_timeout": 2000
    },
    {
      "uuid": "6563a6aa-3eb0-4e75-8a61-b9100509eba3",
      "title": "",
      "fullFile": "cypress/integration/automation-test-store/contact-us.spec.js",
      "file": "cypress/integration/automation-test-store/contact-us.spec.js",
      "beforeHooks": [],
      "afterHooks": [],
      "tests": [],
      "suites": [
        {
          "uuid": "581d725e-a45c-42d3-b680-2481775ad577",
          "title": "Test Contact Us form via Automation Test Store",
          "fullFile": "",
          "file": "",
          "beforeHooks": [],
          "afterHooks": [],
          "tests": [
            {
              "title": "Should be able to submit a successful submission via contact us form",
              "fullTitle": "Test Contact Us form via Automation Test Store Should be able to submit a successful submission via contact us form",
              "timedOut": null,
              "duration": 13356,
              "state": "passed",
              "speed": "slow",
              "pass": true,
              "fail": false,
              "pending": false,
              "context": null,
              "code": "cy.visit(\"https://www.automationteststore.com/\");\ncy.get(\"a[href$='contact']\").click().then(function (linkText) {\n  cy.log(\"Clicked on link using text: \" + linkText.text());\n}); //cy.xpath(\"//a[contains(@href, 'contact')]\").click();\ncy.get(\"@user\").then(user => {\n  cy.get('#ContactUsFrm_first_name').type(user.first_name);\n  cy.get('#ContactUsFrm_email').type(user.email);\n});\ncy.get('#ContactUsFrm_email').should('have.attr', 'name', 'email');\ncy.get('#ContactUsFrm_enquiry').type(\"Do you provide additional discount on bulk orders?\");\ncy.get(\"button[title='Submit']\").click();\ncy.get('.mb40 > :nth-child(3)').should('have.text', 'Your enquiry has been successfully sent to the store owner!');\ncy.log(\"Test has completed!\");",
              "err": {},
              "uuid": "b3c41921-7bec-4162-8838-a1adff13932d",
              "parentUUID": "581d725e-a45c-42d3-b680-2481775ad577",
              "isHook": false,
              "skipped": false
            }
          ],
          "suites": [],
          "passes": [
            "b3c41921-7bec-4162-8838-a1adff13932d"
          ],
          "failures": [],
          "pending": [],
          "skipped": [],
          "duration": 13356,
          "root": false,
          "rootEmpty": false,
          "_timeout": 2000
        }
      ],
      "passes": [],
      "failures": [],
      "pending": [],
      "skipped": [],
      "duration": 0,
      "root": true,
      "rootEmpty": true,
      "_timeout": 2000
    },
    {
      "uuid": "83082600-8ac9-4482-860b-50f813bb5778",
      "title": "",
      "fullFile": "cypress/integration/automation-test-store/inspect-item.spec.js",
      "file": "cypress/integration/automation-test-store/inspect-item.spec.js",
      "beforeHooks": [],
      "afterHooks": [],
      "tests": [],
      "suites": [
        {
          "uuid": "5201dda0-a575-4209-acc5-9361c2b4790b",
          "title": "Inspect Automation Test Store items using chain of commands",
          "fullFile": "",
          "file": "",
          "beforeHooks": [],
          "afterHooks": [],
          "tests": [
            {
              "title": "Click on the first item using item text",
              "fullTitle": "Inspect Automation Test Store items using chain of commands Click on the first item using item text",
              "timedOut": null,
              "duration": 8834,
              "state": "passed",
              "speed": "medium",
              "pass": true,
              "fail": false,
              "pending": false,
              "context": null,
              "code": "cy.visit(\"https://automationteststore.com/\");\ncy.get('.prdocutname').contains('Skinsheen Bronzer Stick').click().then(function (itemHeaderText) {\n  console.log(\"Selected the following item: \" + itemHeaderText.text()); //text() is from jquery\n  // console.log(\"Selected the following item: \" + itemHeaderText.innerText) //returns 'undefined'\n  // console.log(\"Selected the following item: \" + itemHeaderText.invoke('text')) //do not work. invoke('text') is not a function\n  // console.log(\"Selected the following item: \" + cy.wrap(itemHeaderText).invoke('text')) \n  //now the invoke() get correctly the object, but the console.log prints the object\n  cy.wrap(itemHeaderText).invoke('text').should('eq', 'Skinsheen Bronzer Stick'); //works good\n  // itemHeaderText.text().should('eq', 'Skinsheen Bronzer Stick') //do not work. \"is not a function\"\n  // cy.wrap(itemHeaderText).text().should('eq', 'Skinsheen Bronzer Stick') //do not work. \"is not a function\"\n  // cy.wrap(itemHeaderText).innerText().should('eq', 'Skinsheen Bronzer Stick') //do not work. \"is not a function\"\n  // itemHeaderText.innerText().should('eq', 'Skinsheen Bronzer Stick') //do not work. \"is not a function\"\n});",
              "err": {},
              "uuid": "f59cceb5-84fe-4375-b015-96ec3b24107b",
              "parentUUID": "5201dda0-a575-4209-acc5-9361c2b4790b",
              "isHook": false,
              "skipped": false
            }
          ],
          "suites": [],
          "passes": [
            "f59cceb5-84fe-4375-b015-96ec3b24107b"
          ],
          "failures": [],
          "pending": [],
          "skipped": [],
          "duration": 8834,
          "root": false,
          "rootEmpty": false,
          "_timeout": 2000
        }
      ],
      "passes": [],
      "failures": [],
      "pending": [],
      "skipped": [],
      "duration": 0,
      "root": true,
      "rootEmpty": true,
      "_timeout": 2000
    },
    {
      "uuid": "21adc1ec-0dba-4d10-9787-04551b14b23e",
      "title": "",
      "fullFile": "cypress/integration/automation-test-store/iterate-over-elements.spec.js",
      "file": "cypress/integration/automation-test-store/iterate-over-elements.spec.js",
      "beforeHooks": [],
      "afterHooks": [],
      "tests": [],
      "suites": [
        {
          "uuid": "8e7bf60d-d7fd-4e44-8993-5e1946704aed",
          "title": "Iterate over elements",
          "fullFile": "",
          "file": "",
          "beforeHooks": [],
          "afterHooks": [],
          "tests": [
            {
              "title": "Log information of all hair care products",
              "fullTitle": "Iterate over elements Log information of all hair care products",
              "timedOut": null,
              "duration": 8830,
              "state": "passed",
              "speed": "medium",
              "pass": true,
              "fail": false,
              "pending": false,
              "context": null,
              "code": "cy.get(\".fixed_wrapper .prdocutname\").each(($el, index, $list) => {\n  cy.log(\"Index: \" + index + \" : \" + $el.text());\n});",
              "err": {},
              "uuid": "0b8419b7-f161-48f3-b869-b3bfff70745b",
              "parentUUID": "8e7bf60d-d7fd-4e44-8993-5e1946704aed",
              "isHook": false,
              "skipped": false
            },
            {
              "title": "Add specific product to basket",
              "fullTitle": "Iterate over elements Add specific product to basket",
              "timedOut": null,
              "duration": 4399,
              "state": "passed",
              "speed": "fast",
              "pass": true,
              "fail": false,
              "pending": false,
              "context": null,
              "code": "cy.selectProduct('Curls to straight Shampoo'); //using custom command",
              "err": {},
              "uuid": "b9e96f98-1e0e-4cef-81ba-dd9f3d98832e",
              "parentUUID": "8e7bf60d-d7fd-4e44-8993-5e1946704aed",
              "isHook": false,
              "skipped": false
            },
            {
              "title": "Add another specific product to basket",
              "fullTitle": "Iterate over elements Add another specific product to basket",
              "timedOut": null,
              "duration": 3895,
              "state": "passed",
              "speed": "fast",
              "pass": true,
              "fail": false,
              "pending": false,
              "context": null,
              "code": "cy.selectProduct('Seaweed Conditioner');",
              "err": {},
              "uuid": "b2e965d7-4fad-41b3-adf4-958af3ab9500",
              "parentUUID": "8e7bf60d-d7fd-4e44-8993-5e1946704aed",
              "isHook": false,
              "skipped": false
            }
          ],
          "suites": [],
          "passes": [
            "0b8419b7-f161-48f3-b869-b3bfff70745b",
            "b9e96f98-1e0e-4cef-81ba-dd9f3d98832e",
            "b2e965d7-4fad-41b3-adf4-958af3ab9500"
          ],
          "failures": [],
          "pending": [],
          "skipped": [],
          "duration": 17124,
          "root": false,
          "rootEmpty": false,
          "_timeout": 2000
        }
      ],
      "passes": [],
      "failures": [],
      "pending": [],
      "skipped": [],
      "duration": 0,
      "root": true,
      "rootEmpty": true,
      "_timeout": 2000
    },
    {
      "uuid": "cab31c12-d57b-4a6e-8763-59cf4def7b59",
      "title": "",
      "fullFile": "cypress/integration/automation-test-store/variables-and-cy-commands.spec.js",
      "file": "cypress/integration/automation-test-store/variables-and-cy-commands.spec.js",
      "beforeHooks": [],
      "afterHooks": [],
      "tests": [],
      "suites": [
        {
          "uuid": "dd4f0bbe-933c-44bd-8595-658f105e1a9d",
          "title": "Verifying variables, cypress commands and jquery commands",
          "fullFile": "",
          "file": "",
          "beforeHooks": [],
          "afterHooks": [],
          "tests": [
            {
              "title": "Validate properties of the Contact Us Page",
              "fullTitle": "Verifying variables, cypress commands and jquery commands Validate properties of the Contact Us Page",
              "timedOut": null,
              "duration": 4732,
              "state": "passed",
              "speed": "fast",
              "pass": true,
              "fail": false,
              "pending": false,
              "context": null,
              "code": "cy.visit(\"https://automationteststore.com/index.php?rt=content/contact\"); //Uses cypress commands and chaining\ncy.contains('#ContactUsFrm', 'Contact Us Form').find('#field_11').should('contain', 'First name'); //JQuery Approach\ncy.contains('#ContactUsFrm', 'Contact Us Form').then(text => {\n  const firstNameText = text.find('#field_11').text();\n  expect(firstNameText).to.contain('First name'); //Embedded commands (Closure)\n  cy.get('#field_11').then(fnText => {\n    cy.log(fnText.text()); // cy.log(fnText)\n    expect(fnText).to.contain('First name');\n  });\n});",
              "err": {},
              "uuid": "6497b581-e606-4f85-bf24-32e86e3c2812",
              "parentUUID": "dd4f0bbe-933c-44bd-8595-658f105e1a9d",
              "isHook": false,
              "skipped": false
            }
          ],
          "suites": [],
          "passes": [
            "6497b581-e606-4f85-bf24-32e86e3c2812"
          ],
          "failures": [],
          "pending": [],
          "skipped": [],
          "duration": 4732,
          "root": false,
          "rootEmpty": false,
          "_timeout": 2000
        }
      ],
      "passes": [],
      "failures": [],
      "pending": [],
      "skipped": [],
      "duration": 0,
      "root": true,
      "rootEmpty": true,
      "_timeout": 2000
    },
    {
      "uuid": "97184fb4-ea07-4c5a-a618-77230e065ff5",
      "title": "",
      "fullFile": "cypress/integration/webdriver-uni/autocomplete-dropdown-list.spec.js",
      "file": "cypress/integration/webdriver-uni/autocomplete-dropdown-list.spec.js",
      "beforeHooks": [],
      "afterHooks": [],
      "tests": [],
      "suites": [
        {
          "uuid": "283fc523-6211-4030-b276-2c2e211f5007",
          "title": "Verify Autocomplete dropwdown lists via webdriveruni",
          "fullFile": "",
          "file": "",
          "beforeHooks": [],
          "afterHooks": [],
          "tests": [
            {
              "title": "Select specific product via autocomplete list",
              "fullTitle": "Verify Autocomplete dropwdown lists via webdriveruni Select specific product via autocomplete list",
              "timedOut": null,
              "duration": 5826,
              "state": "passed",
              "speed": "medium",
              "pass": true,
              "fail": false,
              "pending": false,
              "context": null,
              "code": "cy.visit(\"http://www.webdriveruniversity.com\");\ncy.get('#autocomplete-textfield').invoke('removeAttr', 'target').click({\n  force: true\n});\ncy.get('#myInput').type('A');\ncy.get('#myInputautocomplete-list > *').each(($el, index, $list) => {\n  const prod = $el.text();\n  const productToSelect = 'Avacado';\n  if (prod === productToSelect) {\n    // $el.click(); //it appeared strikethrough because it was deprecated on jQuery\n    // $el.trigger('click') // option 1\n    cy.wrap($el).click(); // option 2\n    cy.get('#submit-button').click();\n    cy.url().should('include', productToSelect);\n  }\n});\ncy.get('#myInput').type('g');\ncy.get('#myInputautocomplete-list > *').each(($el, index, $list) => {\n  const prod = $el.text();\n  const productToSelect = 'Grapes';\n  if (prod === productToSelect) {\n    cy.wrap($el).click();\n    cy.get('#submit-button').click();\n    cy.url().should('include', productToSelect);\n  }\n});",
              "err": {},
              "uuid": "a9f42bef-0353-4bda-90b4-0187c23b0f2d",
              "parentUUID": "283fc523-6211-4030-b276-2c2e211f5007",
              "isHook": false,
              "skipped": false
            }
          ],
          "suites": [],
          "passes": [
            "a9f42bef-0353-4bda-90b4-0187c23b0f2d"
          ],
          "failures": [],
          "pending": [],
          "skipped": [],
          "duration": 5826,
          "root": false,
          "rootEmpty": false,
          "_timeout": 2000
        }
      ],
      "passes": [],
      "failures": [],
      "pending": [],
      "skipped": [],
      "duration": 0,
      "root": true,
      "rootEmpty": true,
      "_timeout": 2000
    },
    {
      "uuid": "2bc6fc98-6dc7-482b-a6ee-3b979a86c73f",
      "title": "",
      "fullFile": "cypress/integration/webdriver-uni/checkboxes.spec.js",
      "file": "cypress/integration/webdriver-uni/checkboxes.spec.js",
      "beforeHooks": [],
      "afterHooks": [],
      "tests": [],
      "suites": [
        {
          "uuid": "fdad25f0-d6c5-470f-8881-c3b6682a4e2d",
          "title": "Verify checkboxes via webdriveruni",
          "fullFile": "",
          "file": "",
          "beforeHooks": [],
          "afterHooks": [],
          "tests": [
            {
              "title": "Check and validate checkbox",
              "fullTitle": "Verify checkboxes via webdriveruni Check and validate checkbox",
              "timedOut": null,
              "duration": 2251,
              "state": "passed",
              "speed": "fast",
              "pass": true,
              "fail": false,
              "pending": false,
              "context": null,
              "code": "//cy.get('#checkboxes > :nth-child(1) > input').check().should('be.checked')\ncy.get(\"#checkboxes input[type='checkbox']\").first().check().should('be.checked');\ncy.get(\"#checkboxes input[type='checkbox']\").eq(1).check().should('be.checked');",
              "err": {},
              "uuid": "b752d330-3d83-4df7-a9f1-c94d902d4880",
              "parentUUID": "fdad25f0-d6c5-470f-8881-c3b6682a4e2d",
              "isHook": false,
              "skipped": false
            },
            {
              "title": "Uncheck and validate checkbox",
              "fullTitle": "Verify checkboxes via webdriveruni Uncheck and validate checkbox",
              "timedOut": null,
              "duration": 425,
              "state": "passed",
              "speed": "fast",
              "pass": true,
              "fail": false,
              "pending": false,
              "context": null,
              "code": "// cy.get(':nth-child(5) > input').uncheck().should('not.be.checked')\ncy.get(\"#checkboxes input[type='checkbox']\").eq(2).uncheck().should('not.be.checked');",
              "err": {},
              "uuid": "5c2a2e43-f7b9-45d5-8446-0d9f913a6496",
              "parentUUID": "fdad25f0-d6c5-470f-8881-c3b6682a4e2d",
              "isHook": false,
              "skipped": false
            },
            {
              "title": "Check multiple checkboxes",
              "fullTitle": "Verify checkboxes via webdriveruni Check multiple checkboxes",
              "timedOut": null,
              "duration": 564,
              "state": "passed",
              "speed": "fast",
              "pass": true,
              "fail": false,
              "pending": false,
              "context": null,
              "code": "//cy.get(\"input[type='checkbox']\").check([\"option-1\", \"option-2\", \"option-3\", \"option-4\"]).should('be.checked') //this way I check the elements I specify\ncy.get(\"input[type='checkbox']\").check().should('be.checked'); //this way I check all the elements returned in the get()",
              "err": {},
              "uuid": "b6e256e7-9307-4428-93f8-1aa0146ddbe4",
              "parentUUID": "fdad25f0-d6c5-470f-8881-c3b6682a4e2d",
              "isHook": false,
              "skipped": false
            }
          ],
          "suites": [],
          "passes": [
            "b752d330-3d83-4df7-a9f1-c94d902d4880",
            "5c2a2e43-f7b9-45d5-8446-0d9f913a6496",
            "b6e256e7-9307-4428-93f8-1aa0146ddbe4"
          ],
          "failures": [],
          "pending": [],
          "skipped": [],
          "duration": 3240,
          "root": false,
          "rootEmpty": false,
          "_timeout": 2000
        }
      ],
      "passes": [],
      "failures": [],
      "pending": [],
      "skipped": [],
      "duration": 0,
      "root": true,
      "rootEmpty": true,
      "_timeout": 2000
    },
    {
      "uuid": "faf02dc6-f609-4059-a9eb-863cee68577c",
      "title": "",
      "fullFile": "cypress/integration/webdriver-uni/contact-us.spec.js",
      "file": "cypress/integration/webdriver-uni/contact-us.spec.js",
      "beforeHooks": [],
      "afterHooks": [],
      "tests": [],
      "suites": [
        {
          "uuid": "97449cf7-5be1-458c-b690-18729be5373f",
          "title": "Test Contact Us form via WebdriverUni",
          "fullFile": "",
          "file": "",
          "beforeHooks": [],
          "afterHooks": [],
          "tests": [
            {
              "title": "Should be able to submit a successful submission via contact us form",
              "fullTitle": "Test Contact Us form via WebdriverUni Should be able to submit a successful submission via contact us form",
              "timedOut": null,
              "duration": 5671,
              "state": "passed",
              "speed": "medium",
              "pass": true,
              "fail": false,
              "pending": false,
              "context": null,
              "code": "cy.document().should('have.property', 'charset').and('eq', 'UTF-8');\ncy.title().should('include', 'WebDriver | Contact Us');\ncy.url().should('include', 'contactus'); //cy.get('#contact-us').click({force: true})\n//option 1\n// cy.get('[name=\"first_name\"]').type(data.first_name);\n// cy.get('[name=\"last_name\"]').type(data.last_name);\n// cy.get('[name=\"email\"]').type(data.email)\n// cy.get('textarea.feedback-input').type(\"How can I learn Cypress?\")\n// cy.get('[type=\"submit\"]').click();\n// cy.get('h1').should('have.text', 'Thank You for your Message!')\n//option 2\n// cy.webdriverUni_ContactForm_Submission(Cypress.env(\"first_name\"), data.last_name, data.email, \n//     \"How can I learn Cypress?\", 'h1', 'Thank You for your Message!');\n//option 3\ncontact_Us_PO.contactForm_Submission(Cypress.env(\"first_name\"), data.last_name, data.email, \"How can I learn Cypress?\", 'h1', 'Thank You for your Message!');",
              "err": {},
              "uuid": "ea12d5f7-a310-47b4-9d55-c92485038f8c",
              "parentUUID": "97449cf7-5be1-458c-b690-18729be5373f",
              "isHook": false,
              "skipped": false
            },
            {
              "title": "Should not be able to submit a successful submission via contact us form as all fields are required",
              "fullTitle": "Test Contact Us form via WebdriverUni Should not be able to submit a successful submission via contact us form as all fields are required",
              "timedOut": null,
              "duration": 1915,
              "state": "passed",
              "speed": "fast",
              "pass": true,
              "fail": false,
              "pending": false,
              "context": null,
              "code": "//option 2\n// cy.webdriverUni_ContactForm_Submission(data.first_name, data.last_name, \" \", \n// \"How can I learn Cypress?\", 'body', 'Error: Invalid email address');\n//in here I am sending the email field with a \" \" (a space), which is not exactly what I was trying to do, because a field with a \" \" is not\n//the same as an empty field. There are workarounds for this, but in order not to make the code bigger I am keeping it like that.\n//option 3\ncontact_Us_PO.contactForm_Submission(Cypress.env(\"first_name\"), data.last_name, \" \", \"How can I learn Cypress?\", 'body', 'Error: Invalid email address');",
              "err": {},
              "uuid": "f6547b6d-4aa7-4c07-86f5-f34fb714778f",
              "parentUUID": "97449cf7-5be1-458c-b690-18729be5373f",
              "isHook": false,
              "skipped": false
            }
          ],
          "suites": [],
          "passes": [
            "ea12d5f7-a310-47b4-9d55-c92485038f8c",
            "f6547b6d-4aa7-4c07-86f5-f34fb714778f"
          ],
          "failures": [],
          "pending": [],
          "skipped": [],
          "duration": 7586,
          "root": false,
          "rootEmpty": false,
          "_timeout": 2000
        }
      ],
      "passes": [],
      "failures": [],
      "pending": [],
      "skipped": [],
      "duration": 0,
      "root": true,
      "rootEmpty": true,
      "_timeout": 2000
    },
    {
      "uuid": "51d38742-5d56-48ed-859a-6f6da6ede4c1",
      "title": "",
      "fullFile": "cypress/integration/webdriver-uni/data-tables.spec.js",
      "file": "cypress/integration/webdriver-uni/data-tables.spec.js",
      "beforeHooks": [],
      "afterHooks": [],
      "tests": [],
      "suites": [
        {
          "uuid": "70a4c111-3f3b-4500-b53b-07c2971cc535",
          "title": "Handling data via webdriveruni",
          "fullFile": "",
          "file": "",
          "beforeHooks": [],
          "afterHooks": [],
          "tests": [
            {
              "title": "Calculate and assert the total age of all users",
              "fullTitle": "Handling data via webdriveruni Calculate and assert the total age of all users",
              "timedOut": null,
              "duration": 4128,
              "state": "passed",
              "speed": "fast",
              "pass": true,
              "fail": false,
              "pending": false,
              "context": null,
              "code": "let totalAge = 0;\ncy.get('#thumbnail-1 td:nth-child(3)').each(($el, index, $list) => {\n  totalAge += Number($el.text());\n}).then(() => {\n  //thats the solution. To put a then() next to the each\n  expect(totalAge).to.eq(322);\n});",
              "err": {},
              "uuid": "bdcb37af-58c0-4828-85a1-d1b867a6eb76",
              "parentUUID": "70a4c111-3f3b-4500-b53b-07c2971cc535",
              "isHook": false,
              "skipped": false
            },
            {
              "title": "Calculate and assert the age of a given user based on last name",
              "fullTitle": "Handling data via webdriveruni Calculate and assert the age of a given user based on last name",
              "timedOut": null,
              "duration": 626,
              "state": "passed",
              "speed": "fast",
              "pass": true,
              "fail": false,
              "pending": false,
              "context": null,
              "code": "//option 1\n// cy.get('#thumbnail-1 td:nth-child(2)').each(($el, index, $list) => {\n//     const text = $el.text()\n//     if(text.includes(\"Woods\")) {\n//         cy.get('#thumbnail-1 td:nth-child(2)').eq(index).next().then((age) => {\n//             const userAge = age.text();\n//             expect(userAge).to.equal(\"80\");\n//         })\n//     }\n// })\n//option 2\ncy.get('#thumbnail-1 td:nth-child(2)').contains('Woods').next().invoke('text').should('eq', '80');",
              "err": {},
              "uuid": "1de68faa-f646-4a08-8160-750d8f2023c4",
              "parentUUID": "70a4c111-3f3b-4500-b53b-07c2971cc535",
              "isHook": false,
              "skipped": false
            }
          ],
          "suites": [],
          "passes": [
            "bdcb37af-58c0-4828-85a1-d1b867a6eb76",
            "1de68faa-f646-4a08-8160-750d8f2023c4"
          ],
          "failures": [],
          "pending": [],
          "skipped": [],
          "duration": 4754,
          "root": false,
          "rootEmpty": false,
          "_timeout": 2000
        }
      ],
      "passes": [],
      "failures": [],
      "pending": [],
      "skipped": [],
      "duration": 0,
      "root": true,
      "rootEmpty": true,
      "_timeout": 2000
    },
    {
      "uuid": "30cbfbe1-1266-4801-a816-df7663a8cfab",
      "title": "",
      "fullFile": "cypress/integration/webdriver-uni/datepicker.spec.js",
      "file": "cypress/integration/webdriver-uni/datepicker.spec.js",
      "beforeHooks": [],
      "afterHooks": [],
      "tests": [],
      "suites": [
        {
          "uuid": "c31c19e7-d0c3-4c5b-8745-267a93e5d48c",
          "title": "Test Datepicker via webdriveruni",
          "fullFile": "",
          "file": "",
          "beforeHooks": [],
          "afterHooks": [],
          "tests": [
            {
              "title": "Select date from the datepicker",
              "fullTitle": "Test Datepicker via webdriveruni Select date from the datepicker",
              "timedOut": null,
              "duration": 4353,
              "state": "passed",
              "speed": "fast",
              "pass": true,
              "fail": false,
              "pending": false,
              "context": null,
              "code": "cy.visit(\"http://www.webdriveruniversity.com\");\ncy.get('#datepicker').invoke('removeAttr', 'target').click({\n  force: true\n});\ncy.get('#datepicker').click();\nvar date = new Date();\ndate.setDate(date.getDate() + 400); //get current day and add 400 days\nvar futureYear = date.getFullYear();\nvar futureMonth = date.toLocaleString(\"en-GB\", {\n  month: \"long\"\n}); //the \"en-GB\" is to display it in Great Britain style. If I did it with the \"default\" option it returns the month in Spanish and the test keeps iterating.\nvar futureDay = date.getDate();\ncy.log(\"Future year to select: \" + futureYear);\ncy.log(\"Future month to select: \" + futureMonth);\ncy.log(\"Future day to select: \" + futureDay);\nfunction selectYear() {\n  cy.get('.datepicker-dropdown').find('.datepicker-switch').first().then(currentDate => {\n    if (!currentDate.text().includes(futureYear)) {\n      cy.get('.next').first().click();\n      selectYear();\n    }\n  });\n}\nfunction selectMonth() {\n  cy.get('.datepicker-dropdown').find('.datepicker-switch').first().then(currentDate => {\n    if (!currentDate.text().includes(futureMonth)) {\n      cy.get('.next').first().click();\n      selectMonth();\n    }\n  });\n}\nfunction selectFutureDay() {\n  cy.get('[class=\"day\"]').contains(futureDay).click();\n}\nselectYear();\nselectMonth();\nselectFutureDay();",
              "err": {},
              "uuid": "7099e6b7-2dcb-4855-8f17-05396c338ea6",
              "parentUUID": "c31c19e7-d0c3-4c5b-8745-267a93e5d48c",
              "isHook": false,
              "skipped": false
            }
          ],
          "suites": [],
          "passes": [
            "7099e6b7-2dcb-4855-8f17-05396c338ea6"
          ],
          "failures": [],
          "pending": [],
          "skipped": [],
          "duration": 4353,
          "root": false,
          "rootEmpty": false,
          "_timeout": 2000
        }
      ],
      "passes": [],
      "failures": [],
      "pending": [],
      "skipped": [],
      "duration": 0,
      "root": true,
      "rootEmpty": true,
      "_timeout": 2000
    },
    {
      "uuid": "1e049000-4aa3-466b-8687-46adff64473a",
      "title": "",
      "fullFile": "cypress/integration/webdriver-uni/file-upload.spec.js",
      "file": "cypress/integration/webdriver-uni/file-upload.spec.js",
      "beforeHooks": [],
      "afterHooks": [],
      "tests": [],
      "suites": [
        {
          "uuid": "d834f68e-1016-48b1-b4e6-bd9c8b85fb67",
          "title": "Test File Upload via webdriveruni",
          "fullFile": "",
          "file": "",
          "beforeHooks": [],
          "afterHooks": [],
          "tests": [
            {
              "title": "Upload a file....",
              "fullTitle": "Test File Upload via webdriveruni Upload a file....",
              "timedOut": null,
              "duration": 3113,
              "state": "passed",
              "speed": "fast",
              "pass": true,
              "fail": false,
              "pending": false,
              "context": null,
              "code": "cy.visit(\"http://www.webdriveruniversity.com\");\ncy.get('#file-upload').invoke('removeAttr', 'target').click({\n  force: true\n});\ncy.fixture(\"gatito.jpg\", \"base64\").then(fileContent => {\n  cy.get(\"#myFile\").attachFile({\n    fileContent,\n    fileName: \"gatito.jpg\",\n    mimeType: \"image/jpg\" //tipo del archivo a subir\n  }, {\n    uploadType: \"input\" //con esto decimos que es de tipo upload\n  });\n});\ncy.get(\"#submit-button\").click();",
              "err": {},
              "uuid": "49d99721-0389-4d31-bb9b-07ec6bac8e3e",
              "parentUUID": "d834f68e-1016-48b1-b4e6-bd9c8b85fb67",
              "isHook": false,
              "skipped": false
            },
            {
              "title": "Upload no file....",
              "fullTitle": "Test File Upload via webdriveruni Upload no file....",
              "timedOut": null,
              "duration": 934,
              "state": "passed",
              "speed": "fast",
              "pass": true,
              "fail": false,
              "pending": false,
              "context": null,
              "code": "cy.visit(\"http://www.webdriveruniversity.com\");\ncy.get('#file-upload').invoke('removeAttr', 'target').click({\n  force: true\n});\ncy.get(\"#submit-button\").click();",
              "err": {},
              "uuid": "2a882f69-0334-41d7-8819-32f31696152a",
              "parentUUID": "d834f68e-1016-48b1-b4e6-bd9c8b85fb67",
              "isHook": false,
              "skipped": false
            }
          ],
          "suites": [],
          "passes": [
            "49d99721-0389-4d31-bb9b-07ec6bac8e3e",
            "2a882f69-0334-41d7-8819-32f31696152a"
          ],
          "failures": [],
          "pending": [],
          "skipped": [],
          "duration": 4047,
          "root": false,
          "rootEmpty": false,
          "_timeout": 2000
        }
      ],
      "passes": [],
      "failures": [],
      "pending": [],
      "skipped": [],
      "duration": 0,
      "root": true,
      "rootEmpty": true,
      "_timeout": 2000
    },
    {
      "uuid": "26f29dd6-694b-4bf4-9f8a-ffad3da0d636",
      "title": "",
      "fullFile": "cypress/integration/webdriver-uni/iframe.spec.js",
      "file": "cypress/integration/webdriver-uni/iframe.spec.js",
      "beforeHooks": [],
      "afterHooks": [],
      "tests": [],
      "suites": [
        {
          "uuid": "4bbbe15e-48dc-486b-bcb3-83d9faa564c4",
          "title": "Handling IFrame & Modals",
          "fullFile": "",
          "file": "",
          "beforeHooks": [],
          "afterHooks": [],
          "tests": [
            {
              "title": "Handle webdriveruni iframe and modal",
              "fullTitle": "Handling IFrame & Modals Handle webdriveruni iframe and modal",
              "timedOut": null,
              "duration": 3661,
              "state": "passed",
              "speed": "fast",
              "pass": true,
              "fail": false,
              "pending": false,
              "context": null,
              "code": "cy.visit(\"http://www.webdriveruniversity.com\");\ncy.get('#iframe').invoke('removeAttr', 'target').click({\n  force: true\n}); //option 1\n// cy.get('#frame').then($iframe => {\n//     const body = $iframe.contents().find('body') //contents() is a jQuery method\n//     cy.wrap(body).as('iframe')\n// })\n//option 2\ncy.get('#frame').its('0.contentDocument').its('body').as('iframe');\ncy.get('@iframe').find('#button-find-out-more').click();\ncy.get('@iframe').find('#myModal').then(modal => {\n  //option 1\n  // cy.wrap(modal).should(($expectedText) => {\n  //     const text = $expectedText.text()\n  //     expect(text).to.include('Welcome to webdriveruniversity.com we sell a wide range of electrical goods');\n  // })\n  //option 2\n  cy.wrap(modal).invoke('text').should('contain', 'Welcome to webdriveruniversity.com we sell a wide range of electrical goods');\n  cy.wrap(modal).contains('Close').click();\n});",
              "err": {},
              "uuid": "10a325cb-96c4-425f-a924-5d3cec0b16d1",
              "parentUUID": "4bbbe15e-48dc-486b-bcb3-83d9faa564c4",
              "isHook": false,
              "skipped": false
            }
          ],
          "suites": [],
          "passes": [
            "10a325cb-96c4-425f-a924-5d3cec0b16d1"
          ],
          "failures": [],
          "pending": [],
          "skipped": [],
          "duration": 3661,
          "root": false,
          "rootEmpty": false,
          "_timeout": 2000
        }
      ],
      "passes": [],
      "failures": [],
      "pending": [],
      "skipped": [],
      "duration": 0,
      "root": true,
      "rootEmpty": true,
      "_timeout": 2000
    },
    {
      "uuid": "6566f6d6-a5d0-4366-8eb8-033bde512ba0",
      "title": "",
      "fullFile": "cypress/integration/webdriver-uni/js-alerts.spec.js",
      "file": "cypress/integration/webdriver-uni/js-alerts.spec.js",
      "beforeHooks": [],
      "afterHooks": [],
      "tests": [],
      "suites": [
        {
          "uuid": "329d3387-ee44-4578-8205-39e04ab90f63",
          "title": "Handle js alerts",
          "fullFile": "",
          "file": "",
          "beforeHooks": [],
          "afterHooks": [],
          "tests": [
            {
              "title": "Validate js confirm alert box using a stub",
              "fullTitle": "Handle js alerts Validate js confirm alert box using a stub",
              "timedOut": null,
              "duration": 2701,
              "state": "passed",
              "speed": "fast",
              "pass": true,
              "fail": false,
              "pending": false,
              "context": null,
              "code": "cy.visit(\"http://www.webdriveruniversity.com\");\ncy.get('#popup-alerts').invoke('removeAttr', 'target').click({\n  force: true\n});\nconst stub = cy.stub(); // stub.onFirstCall().returns(true) //not necessary because the default is true\nstub.onSecondCall().returns(false); //i am making the stub change the behavior of the window:confirm and making it cancel the alert\ncy.on('window:confirm', stub);\ncy.get('#button4').click().then(() => {\n  expect(stub.getCall(0)).to.be.calledWith('Press a button!');\n}).then(() => {\n  cy.get('#confirm-alert-text').contains('You pressed OK!');\n});\ncy.get('#button4').click().then(() => {\n  expect(stub.getCall(1)).to.be.calledWith('Press a button!');\n}).then(() => {\n  cy.get('#confirm-alert-text').contains('You pressed Cancel!');\n});",
              "err": {},
              "uuid": "5c5f30df-f2c8-476f-8ab9-3baa71826f34",
              "parentUUID": "329d3387-ee44-4578-8205-39e04ab90f63",
              "isHook": false,
              "skipped": false
            }
          ],
          "suites": [],
          "passes": [
            "5c5f30df-f2c8-476f-8ab9-3baa71826f34"
          ],
          "failures": [],
          "pending": [],
          "skipped": [],
          "duration": 2701,
          "root": false,
          "rootEmpty": false,
          "_timeout": 2000
        }
      ],
      "passes": [],
      "failures": [],
      "pending": [],
      "skipped": [],
      "duration": 0,
      "root": true,
      "rootEmpty": true,
      "_timeout": 2000
    },
    {
      "uuid": "d20c106d-f07e-4e0c-9541-86e98a29a634",
      "title": "",
      "fullFile": "cypress/integration/webdriver-uni/mouse-actions.spec.js",
      "file": "cypress/integration/webdriver-uni/mouse-actions.spec.js",
      "beforeHooks": [],
      "afterHooks": [],
      "tests": [],
      "suites": [
        {
          "uuid": "f4b07db9-47d2-4459-ab79-ee15f472fce7",
          "title": "Test mouse actions",
          "fullFile": "",
          "file": "",
          "beforeHooks": [],
          "afterHooks": [],
          "tests": [
            {
              "title": "I should be able to drag and drop a draggable item",
              "fullTitle": "Test mouse actions I should be able to drag and drop a draggable item",
              "timedOut": null,
              "duration": 2436,
              "state": "passed",
              "speed": "fast",
              "pass": true,
              "fail": false,
              "pending": false,
              "context": null,
              "code": "cy.get('#draggable').trigger('mousedown', {\n  which: 1\n}); //without the which:1 it doesnt work. Apparently it is to click on the center of the element, or something about the left click\ncy.get('#droppable').trigger('mousemove').trigger('mouseup', {\n  force: true\n}); //without the force:true it doesnt work, because the draggable is covering the droppable. It is to force that the mouse action is released.",
              "err": {},
              "uuid": "1d00ecdf-7aec-44fe-8acc-66a9f9d68b48",
              "parentUUID": "f4b07db9-47d2-4459-ab79-ee15f472fce7",
              "isHook": false,
              "skipped": false
            },
            {
              "title": "I should be able to perform a double mouse click",
              "fullTitle": "Test mouse actions I should be able to perform a double mouse click",
              "timedOut": null,
              "duration": 737,
              "state": "passed",
              "speed": "fast",
              "pass": true,
              "fail": false,
              "pending": false,
              "context": null,
              "code": "cy.get('#double-click').dblclick();",
              "err": {},
              "uuid": "4bf8104c-f8f2-4151-b035-87d0c02f4f5c",
              "parentUUID": "f4b07db9-47d2-4459-ab79-ee15f472fce7",
              "isHook": false,
              "skipped": false
            },
            {
              "title": "I should be able hold down the left mouse click button on a given element",
              "fullTitle": "Test mouse actions I should be able hold down the left mouse click button on a given element",
              "timedOut": null,
              "duration": 637,
              "state": "passed",
              "speed": "fast",
              "pass": true,
              "fail": false,
              "pending": false,
              "context": null,
              "code": "//option 1\ncy.get('#click-box').trigger('mousedown', {\n  which: 1\n}).then($element => {\n  expect($element).to.have.css('background-color', 'rgb(0, 255, 0)');\n}); //option 2\n// cy.get('#click-box').trigger('mousedown', {which: 1})\n// cy.get('#click-box').should('have.css', 'background-color', 'rgb(0, 255, 0)')",
              "err": {},
              "uuid": "ce814366-2f07-44d5-b5f6-9ea504493001",
              "parentUUID": "f4b07db9-47d2-4459-ab79-ee15f472fce7",
              "isHook": false,
              "skipped": false
            }
          ],
          "suites": [],
          "passes": [
            "1d00ecdf-7aec-44fe-8acc-66a9f9d68b48",
            "4bf8104c-f8f2-4151-b035-87d0c02f4f5c",
            "ce814366-2f07-44d5-b5f6-9ea504493001"
          ],
          "failures": [],
          "pending": [],
          "skipped": [],
          "duration": 3810,
          "root": false,
          "rootEmpty": false,
          "_timeout": 2000
        }
      ],
      "passes": [],
      "failures": [],
      "pending": [],
      "skipped": [],
      "duration": 0,
      "root": true,
      "rootEmpty": true,
      "_timeout": 2000
    },
    {
      "uuid": "1e1037fd-3a08-450e-9ea5-2b0f02397a7a",
      "title": "",
      "fullFile": "cypress/integration/webdriver-uni/radio-buttons.spec.js",
      "file": "cypress/integration/webdriver-uni/radio-buttons.spec.js",
      "beforeHooks": [],
      "afterHooks": [],
      "tests": [],
      "suites": [
        {
          "uuid": "f9c343ee-7b2b-4990-a879-4d37e4bea36f",
          "title": "Verify radio buttons via webdriveruni",
          "fullFile": "",
          "file": "",
          "beforeHooks": [],
          "afterHooks": [],
          "tests": [
            {
              "title": "Check specific radio buttons",
              "fullTitle": "Verify radio buttons via webdriveruni Check specific radio buttons",
              "timedOut": null,
              "duration": 2680,
              "state": "passed",
              "speed": "fast",
              "pass": true,
              "fail": false,
              "pending": false,
              "context": null,
              "code": "cy.visit(\"http://www.webdriveruniversity.com\");\ncy.get('#dropdown-checkboxes-radiobuttons').invoke('removeAttr', 'target').click({\n  force: true\n});\ncy.get('#radio-buttons').find(\"[type='radio']\").first().check();\ncy.get('#radio-buttons').find(\"[type='radio']\").eq(1).check();",
              "err": {},
              "uuid": "504594f9-3195-42c7-aa74-5bf941a62fb6",
              "parentUUID": "f9c343ee-7b2b-4990-a879-4d37e4bea36f",
              "isHook": false,
              "skipped": false
            },
            {
              "title": "Validate the states of specific radio buttons",
              "fullTitle": "Verify radio buttons via webdriveruni Validate the states of specific radio buttons",
              "timedOut": null,
              "duration": 730,
              "state": "passed",
              "speed": "fast",
              "pass": true,
              "fail": false,
              "pending": false,
              "context": null,
              "code": "cy.visit(\"http://www.webdriveruniversity.com\");\ncy.get('#dropdown-checkboxes-radiobuttons').invoke('removeAttr', 'target').click({\n  force: true\n});\ncy.get(\"[value='lettuce']\").should('not.be.checked');\ncy.get(\"[value='pumpkin']\").should('be.checked');\ncy.get(\"[value='lettuce']\").check().should('be.checked');\ncy.get(\"[value='pumpkin']\").should('not.be.checked');\ncy.get(\"[value='cabbage']\").should('be.disabled');",
              "err": {},
              "uuid": "3dc7fa8c-2eb5-432a-b70b-bcf807b64115",
              "parentUUID": "f9c343ee-7b2b-4990-a879-4d37e4bea36f",
              "isHook": false,
              "skipped": false
            }
          ],
          "suites": [],
          "passes": [
            "504594f9-3195-42c7-aa74-5bf941a62fb6",
            "3dc7fa8c-2eb5-432a-b70b-bcf807b64115"
          ],
          "failures": [],
          "pending": [],
          "skipped": [],
          "duration": 3410,
          "root": false,
          "rootEmpty": false,
          "_timeout": 2000
        }
      ],
      "passes": [],
      "failures": [],
      "pending": [],
      "skipped": [],
      "duration": 0,
      "root": true,
      "rootEmpty": true,
      "_timeout": 2000
    },
    {
      "uuid": "9aa4dfbe-8327-448d-aa68-1c041ffdaf5b",
      "title": "",
      "fullFile": "cypress/integration/webdriver-uni/traversing-elements.spec.js",
      "file": "cypress/integration/webdriver-uni/traversing-elements.spec.js",
      "beforeHooks": [],
      "afterHooks": [],
      "tests": [],
      "suites": [
        {
          "uuid": "bfde57a6-d9b9-4448-a87d-59d5cfbf8f41",
          "title": "Traversing DOM elements in Cypress",
          "fullFile": "",
          "file": "",
          "beforeHooks": [],
          "afterHooks": [],
          "tests": [
            {
              "title": "children() to get the children of DOM elements",
              "fullTitle": "Traversing DOM elements in Cypress children() to get the children of DOM elements",
              "timedOut": null,
              "duration": 2871,
              "state": "passed",
              "speed": "fast",
              "pass": true,
              "fail": false,
              "pending": false,
              "context": null,
              "code": "cy.get('.traversal-breadcrumb').children('.active').should('contain', 'Contact Us');",
              "err": {},
              "uuid": "895e7b16-688a-41f7-a4c4-f10859814bfc",
              "parentUUID": "bfde57a6-d9b9-4448-a87d-59d5cfbf8f41",
              "isHook": false,
              "skipped": false
            },
            {
              "title": "closest() to validate the closest ancestor DOM element",
              "fullTitle": "Traversing DOM elements in Cypress closest() to validate the closest ancestor DOM element",
              "timedOut": null,
              "duration": 591,
              "state": "passed",
              "speed": "fast",
              "pass": true,
              "fail": false,
              "pending": false,
              "context": null,
              "code": "cy.get('.traversal-badge').closest('ul').should('have.class', 'list-group');",
              "err": {},
              "uuid": "30f80e2b-3392-41cf-bd2f-49bba0df64b9",
              "parentUUID": "bfde57a6-d9b9-4448-a87d-59d5cfbf8f41",
              "isHook": false,
              "skipped": false
            },
            {
              "title": "eq() to retrieve a specific element based on index",
              "fullTitle": "Traversing DOM elements in Cypress eq() to retrieve a specific element based on index",
              "timedOut": null,
              "duration": 580,
              "state": "passed",
              "speed": "fast",
              "pass": true,
              "fail": false,
              "pending": false,
              "context": null,
              "code": "cy.get('.traversal-drinks-list > *').eq(2).should('contain', 'Milk');",
              "err": {},
              "uuid": "ad659b7c-ad73-4087-8ef8-cfc8ff37debe",
              "parentUUID": "bfde57a6-d9b9-4448-a87d-59d5cfbf8f41",
              "isHook": false,
              "skipped": false
            },
            {
              "title": "filter() to retrieve DOM elements that match a specific selector",
              "fullTitle": "Traversing DOM elements in Cypress filter() to retrieve DOM elements that match a specific selector",
              "timedOut": null,
              "duration": 604,
              "state": "passed",
              "speed": "fast",
              "pass": true,
              "fail": false,
              "pending": false,
              "context": null,
              "code": "cy.get('.btn-group-toggle > *').filter('.active').should('contain', 'Button-1');",
              "err": {},
              "uuid": "ab5a9c60-a422-4f45-becc-df8bc52804d6",
              "parentUUID": "bfde57a6-d9b9-4448-a87d-59d5cfbf8f41",
              "isHook": false,
              "skipped": false
            },
            {
              "title": "find() to retrieve DOM elements of a given selector",
              "fullTitle": "Traversing DOM elements in Cypress find() to retrieve DOM elements of a given selector",
              "timedOut": null,
              "duration": 632,
              "state": "passed",
              "speed": "fast",
              "pass": true,
              "fail": false,
              "pending": false,
              "context": null,
              "code": "cy.get('.traversal-pagination').find('li').find('a').should('have.length', 7);",
              "err": {},
              "uuid": "b33e70d4-f549-4c55-a802-e1ac4894832f",
              "parentUUID": "bfde57a6-d9b9-4448-a87d-59d5cfbf8f41",
              "isHook": false,
              "skipped": false
            },
            {
              "title": "first() to retrieve the first DOM element within elements ",
              "fullTitle": "Traversing DOM elements in Cypress first() to retrieve the first DOM element within elements ",
              "timedOut": null,
              "duration": 645,
              "state": "passed",
              "speed": "fast",
              "pass": true,
              "fail": false,
              "pending": false,
              "context": null,
              "code": "cy.get('.traversal-table > tbody > tr > td').first().should('contain', 'Andy');",
              "err": {},
              "uuid": "d0db2ebe-d7cb-4474-8b5c-107e43ee0673",
              "parentUUID": "bfde57a6-d9b9-4448-a87d-59d5cfbf8f41",
              "isHook": false,
              "skipped": false
            },
            {
              "title": "last() to retrieve the last DOM element within elements",
              "fullTitle": "Traversing DOM elements in Cypress last() to retrieve the last DOM element within elements",
              "timedOut": null,
              "duration": 587,
              "state": "passed",
              "speed": "fast",
              "pass": true,
              "fail": false,
              "pending": false,
              "context": null,
              "code": "cy.get('.traversal-table > tbody > tr > td').last().should('contain', 'Scott');",
              "err": {},
              "uuid": "21b71aa9-d153-4843-83d8-9c3052910838",
              "parentUUID": "bfde57a6-d9b9-4448-a87d-59d5cfbf8f41",
              "isHook": false,
              "skipped": false
            },
            {
              "title": "nextAll() to get all of the next sibling DOM elements within elements",
              "fullTitle": "Traversing DOM elements in Cypress nextAll() to get all of the next sibling DOM elements within elements",
              "timedOut": null,
              "duration": 565,
              "state": "passed",
              "speed": "fast",
              "pass": true,
              "fail": false,
              "pending": false,
              "context": null,
              "code": "cy.get('.traversal-drinks-list').contains('Tea').nextAll().should('have.length', '3');",
              "err": {},
              "uuid": "caf161b0-bad1-4177-9c6a-9ace530f0f87",
              "parentUUID": "bfde57a6-d9b9-4448-a87d-59d5cfbf8f41",
              "isHook": false,
              "skipped": false
            },
            {
              "title": "nextUntil() to get all of the next sibling DOM elements within elements until another element",
              "fullTitle": "Traversing DOM elements in Cypress nextUntil() to get all of the next sibling DOM elements within elements until another element",
              "timedOut": null,
              "duration": 573,
              "state": "passed",
              "speed": "fast",
              "pass": true,
              "fail": false,
              "pending": false,
              "context": null,
              "code": "cy.get('#coffee').nextUntil('#milk');",
              "err": {},
              "uuid": "0864e025-a248-458b-9fcf-98bbe6a25c7e",
              "parentUUID": "bfde57a6-d9b9-4448-a87d-59d5cfbf8f41",
              "isHook": false,
              "skipped": false
            },
            {
              "title": "not() to remove DOM element(s) from the set of elements",
              "fullTitle": "Traversing DOM elements in Cypress not() to remove DOM element(s) from the set of elements",
              "timedOut": null,
              "duration": 583,
              "state": "passed",
              "speed": "fast",
              "pass": true,
              "fail": false,
              "pending": false,
              "context": null,
              "code": "cy.get('.traversal-button-states > button').not('.disabled').should('not.have.class', 'disabled');",
              "err": {},
              "uuid": "0ffb036e-0e79-4d59-8fd0-df4b3be86d02",
              "parentUUID": "bfde57a6-d9b9-4448-a87d-59d5cfbf8f41",
              "isHook": false,
              "skipped": false
            },
            {
              "title": "parent() To get parent DOM element of elements",
              "fullTitle": "Traversing DOM elements in Cypress parent() To get parent DOM element of elements",
              "timedOut": null,
              "duration": 568,
              "state": "passed",
              "speed": "fast",
              "pass": true,
              "fail": false,
              "pending": false,
              "context": null,
              "code": "cy.get('.traversal-mark').parent().should('contain', 'Lorem ipsum dolor sit amet');",
              "err": {},
              "uuid": "bc783780-4a1a-49a4-a746-e59d762d6392",
              "parentUUID": "bfde57a6-d9b9-4448-a87d-59d5cfbf8f41",
              "isHook": false,
              "skipped": false
            },
            {
              "title": "parents() to get parents DOM element of elements",
              "fullTitle": "Traversing DOM elements in Cypress parents() to get parents DOM element of elements",
              "timedOut": null,
              "duration": 574,
              "state": "passed",
              "speed": "fast",
              "pass": true,
              "fail": false,
              "pending": false,
              "context": null,
              "code": "cy.get('.traversal-cite').parents().should('match', 'blockquote');",
              "err": {},
              "uuid": "0a084165-88d1-4254-8315-7fb6d67f9345",
              "parentUUID": "bfde57a6-d9b9-4448-a87d-59d5cfbf8f41",
              "isHook": false,
              "skipped": false
            },
            {
              "title": "prev() to get the previous sibling DOM element within elements",
              "fullTitle": "Traversing DOM elements in Cypress prev() to get the previous sibling DOM element within elements",
              "timedOut": null,
              "duration": 571,
              "state": "passed",
              "speed": "fast",
              "pass": true,
              "fail": false,
              "pending": false,
              "context": null,
              "code": "cy.get('#sugar').prev().contains('Espresso');",
              "err": {},
              "uuid": "3cdec80d-afb2-4f64-95f4-4cfcdae6f167",
              "parentUUID": "bfde57a6-d9b9-4448-a87d-59d5cfbf8f41",
              "isHook": false,
              "skipped": false
            },
            {
              "title": "prevAll() to get all previous sibling DOM elements within elements",
              "fullTitle": "Traversing DOM elements in Cypress prevAll() to get all previous sibling DOM elements within elements",
              "timedOut": null,
              "duration": 571,
              "state": "passed",
              "speed": "fast",
              "pass": true,
              "fail": false,
              "pending": false,
              "context": null,
              "code": "cy.get('.sales').prevAll().should('have.length', 2);",
              "err": {},
              "uuid": "3a846486-b07a-4040-acbd-c65466a9fe4d",
              "parentUUID": "bfde57a6-d9b9-4448-a87d-59d5cfbf8f41",
              "isHook": false,
              "skipped": false
            },
            {
              "title": "prevUntil() to get all previous sibling DOM elements within elements until other element",
              "fullTitle": "Traversing DOM elements in Cypress prevUntil() to get all previous sibling DOM elements within elements until other element",
              "timedOut": null,
              "duration": 582,
              "state": "passed",
              "speed": "fast",
              "pass": true,
              "fail": false,
              "pending": false,
              "context": null,
              "code": "cy.get('#veggie').prevUntil('#fruits').should('have.length', 5);",
              "err": {},
              "uuid": "b3a7035f-d900-4716-a648-52f2e8820465",
              "parentUUID": "bfde57a6-d9b9-4448-a87d-59d5cfbf8f41",
              "isHook": false,
              "skipped": false
            },
            {
              "title": "siblings() To get all sibling DOM elements of elements",
              "fullTitle": "Traversing DOM elements in Cypress siblings() To get all sibling DOM elements of elements",
              "timedOut": null,
              "duration": 565,
              "state": "passed",
              "speed": "fast",
              "pass": true,
              "fail": false,
              "pending": false,
              "context": null,
              "code": "cy.get('.traversal-button-other-states .active').siblings().should('have.length', 3);",
              "err": {},
              "uuid": "93abc3a8-9cfd-487f-9efb-14ec87518483",
              "parentUUID": "bfde57a6-d9b9-4448-a87d-59d5cfbf8f41",
              "isHook": false,
              "skipped": false
            }
          ],
          "suites": [],
          "passes": [
            "895e7b16-688a-41f7-a4c4-f10859814bfc",
            "30f80e2b-3392-41cf-bd2f-49bba0df64b9",
            "ad659b7c-ad73-4087-8ef8-cfc8ff37debe",
            "ab5a9c60-a422-4f45-becc-df8bc52804d6",
            "b33e70d4-f549-4c55-a802-e1ac4894832f",
            "d0db2ebe-d7cb-4474-8b5c-107e43ee0673",
            "21b71aa9-d153-4843-83d8-9c3052910838",
            "caf161b0-bad1-4177-9c6a-9ace530f0f87",
            "0864e025-a248-458b-9fcf-98bbe6a25c7e",
            "0ffb036e-0e79-4d59-8fd0-df4b3be86d02",
            "bc783780-4a1a-49a4-a746-e59d762d6392",
            "0a084165-88d1-4254-8315-7fb6d67f9345",
            "3cdec80d-afb2-4f64-95f4-4cfcdae6f167",
            "3a846486-b07a-4040-acbd-c65466a9fe4d",
            "b3a7035f-d900-4716-a648-52f2e8820465",
            "93abc3a8-9cfd-487f-9efb-14ec87518483"
          ],
          "failures": [],
          "pending": [],
          "skipped": [],
          "duration": 11662,
          "root": false,
          "rootEmpty": false,
          "_timeout": 2000
        }
      ],
      "passes": [],
      "failures": [],
      "pending": [],
      "skipped": [],
      "duration": 0,
      "root": true,
      "rootEmpty": true,
      "_timeout": 2000
    },
    {
      "uuid": "c95793da-27cb-4eeb-80b4-a698ad3efde8",
      "title": "",
      "fullFile": "cypress/integration/automation-test-store/add-multiple-items-to-basket.spec.js",
      "file": "cypress/integration/automation-test-store/add-multiple-items-to-basket.spec.js",
      "beforeHooks": [],
      "afterHooks": [],
      "tests": [],
      "suites": [
        {
          "uuid": "e9e8f565-3b39-4b70-b7ed-8afebbba16a8",
          "title": "Add multiple items to basket",
          "fullFile": "",
          "file": "",
          "beforeHooks": [],
          "afterHooks": [],
          "tests": [
            {
              "title": "Add specific items to basket",
              "fullTitle": "Add multiple items to basket Add specific items to basket",
              "timedOut": null,
              "duration": 14152,
              "state": "passed",
              "speed": "slow",
              "pass": true,
              "fail": false,
              "pending": false,
              "context": null,
              "code": "autoStore_HairCare_PO.addHairCareProductsToBasket();",
              "err": {},
              "uuid": "5603cbc4-0b13-4333-bf32-dc3f76d08a92",
              "parentUUID": "e9e8f565-3b39-4b70-b7ed-8afebbba16a8",
              "isHook": false,
              "skipped": false
            }
          ],
          "suites": [],
          "passes": [
            "5603cbc4-0b13-4333-bf32-dc3f76d08a92"
          ],
          "failures": [],
          "pending": [],
          "skipped": [],
          "duration": 14152,
          "root": false,
          "rootEmpty": false,
          "_timeout": 2000
        }
      ],
      "passes": [],
      "failures": [],
      "pending": [],
      "skipped": [],
      "duration": 0,
      "root": true,
      "rootEmpty": true,
      "_timeout": 2000
    }
  ],
  "meta": {
    "mocha": {
      "version": "7.0.1"
    },
    "mochawesome": {
      "options": {
        "quiet": false,
        "reportFilename": "mochawesome",
        "saveHtml": false,
        "saveJson": true,
        "consoleReporter": "spec",
        "useInlineDiffs": false,
        "code": true
      },
      "version": "7.1.3"
    },
    "marge": {
      "options": {
        "id": "default",
        "reportDir": "cypress/results/mochawesome",
        "quite": true,
        "overwrite": false,
        "html": false,
        "json": true
      },
      "version": "6.2.0"
    }
  }
}